==67698== Memcheck, a memory error detector
==67698== Copyright (C) 2002-2017, and GNU GPL'd, by Julian Seward et al.
==67698== Using Valgrind-3.17.0 and LibVEX; rerun with -h for copyright info
==67698== Command: ./tlc-test traceScheduling
==67698== 
testFiles/translation/x86_64-linux/input/compoundAssignExprs.tc: internal compiler error: IR validation after trace scheduling failed - an enumeration constant instruction's argument 0 (LOCAL 93) is not a valid label
testFiles/translation/x86_64-linux/input/continueStmt.tc: internal compiler error: IR validation after trace scheduling failed - (null) instruction's argument 0 (LOCAL 12) is not a valid label
testFiles/translation/x86_64-linux/input/doWhileStmt.tc: internal compiler error: IR validation after trace scheduling failed - (null) instruction's argument 0 (LOCAL 7) is not a valid label
testFiles/translation/x86_64-linux/input/equalityExprs.tc: internal compiler error: IR validation after trace scheduling failed - CONST instruction's argument 0 (LOCAL 17) is not a valid label
testFiles/translation/x86_64-linux/input/forStmt.tc: internal compiler error: IR validation after trace scheduling failed - (null) instruction's argument 0 (LOCAL 16) is not a valid label
testFiles/translation/x86_64-linux/input/functionCall.tc: internal compiler error: IR validation after trace scheduling failed - a variable instruction's argument 0 (LOCAL 7) is not a valid label
testFiles/translation/x86_64-linux/input/ifStmt.tc: internal compiler error: IR validation after trace scheduling failed - (null) instruction's argument 0 (LOCAL 10) is not a valid label
testFiles/translation/x86_64-linux/input/logicalExprs.tc: internal compiler error: IR validation after trace scheduling failed - CONST instruction's argument 0 (LOCAL 13) is not a valid label
testFiles/translation/x86_64-linux/input/logicalExprs.tc: internal compiler error: IR validation after trace scheduling failed - CONST instruction's argument 0 (LOCAL 19) is not a valid label
testFiles/translation/x86_64-linux/input/loopBreakStmt.tc: internal compiler error: IR validation after trace scheduling failed - (null) instruction's argument 0 (LOCAL 12) is not a valid label
testFiles/translation/x86_64-linux/input/prefixExprs.tc: internal compiler error: IR validation after trace scheduling failed - (null) instruction's argument 0 (LOCAL 32) is not a valid label
testFiles/translation/x86_64-linux/input/ternaryExpr.tc: internal compiler error: IR validation after trace scheduling failed - (null) instruction's argument 0 (LOCAL 20) is not a valid label
testFiles/translation/x86_64-linux/input/whileStmt.tc: internal compiler error: IR validation after trace scheduling failed - (null) instruction's argument 0 (LOCAL 12) is not a valid label
[1;91mFAILED: scheduled ir of testFiles/translation/x86_64-linux/input/compoundAssignExprs.tc is valid[m
[1;91mFAILED: scheduled ir of testFiles/translation/x86_64-linux/input/continueStmt.tc is valid[m
[1;91mFAILED: scheduled ir of testFiles/translation/x86_64-linux/input/doWhileStmt.tc is valid[m
[1;91mFAILED: scheduled ir of testFiles/translation/x86_64-linux/input/equalityExprs.tc is valid[m
[1;91mFAILED: scheduled ir of testFiles/translation/x86_64-linux/input/forStmt.tc is valid[m
[1;91mFAILED: scheduled ir of testFiles/translation/x86_64-linux/input/functionCall.tc is valid[m
[1;91mFAILED: scheduled ir of testFiles/translation/x86_64-linux/input/ifStmt.tc is valid[m
[1;91mFAILED: scheduled ir of testFiles/translation/x86_64-linux/input/logicalExprs.tc is valid[m
[1;91mFAILED: scheduled ir of testFiles/translation/x86_64-linux/input/loopBreakStmt.tc is valid[m
[1;91mFAILED: scheduled ir of testFiles/translation/x86_64-linux/input/prefixExprs.tc is valid[m
[1;91mFAILED: scheduled ir of testFiles/translation/x86_64-linux/input/ternaryExpr.tc is valid[m
[1;91mFAILED: scheduled ir of testFiles/translation/x86_64-linux/input/whileStmt.tc is valid[m
[1;91m12 out of 88 tests failed![m
==67698== 
==67698== HEAP SUMMARY:
==67698==     in use at exit: 46,064 bytes in 2,015 blocks
==67698==   total heap usage: 21,553 allocs, 19,538 frees, 1,404,625 bytes allocated
==67698== 
==67698== 72 (24 direct, 48 indirect) bytes in 1 blocks are definitely lost in loss record 413 of 592
==67698==    at 0x4842839: malloc (in /usr/libexec/valgrind/vgpreload_memcheck-amd64-linux.so)
==67698==    by 0x129CB5: irBlockCreate (ir.c:459)
==67698==    by 0x12B1A4: BLOCK (shorthand.c:147)
==67698==    by 0x1150EE: translateStmt (translation.c:3884)
==67698==    by 0x114300: translateStmt (translation.c:3487)
==67698==    by 0x1159B6: translateFile (translation.c:4065)
==67698==    by 0x115A99: translate (translation.c:4093)
==67698==    by 0x13D3EC: testTraceScheduling (traceSchedule.c:97)
==67698==    by 0x135521: main (main.c:59)
==67698== 
==67698== 72 (24 direct, 48 indirect) bytes in 1 blocks are definitely lost in loss record 414 of 592
==67698==    at 0x4842839: malloc (in /usr/libexec/valgrind/vgpreload_memcheck-amd64-linux.so)
==67698==    by 0x129CB5: irBlockCreate (ir.c:459)
==67698==    by 0x12B1A4: BLOCK (shorthand.c:147)
==67698==    by 0x1150EE: translateStmt (translation.c:3884)
==67698==    by 0x114251: translateStmt (translation.c:3473)
==67698==    by 0x1159B6: translateFile (translation.c:4065)
==67698==    by 0x115A99: translate (translation.c:4093)
==67698==    by 0x13D3EC: testTraceScheduling (traceSchedule.c:97)
==67698==    by 0x135521: main (main.c:59)
==67698== 
==67698== 160 (24 direct, 136 indirect) bytes in 1 blocks are definitely lost in loss record 458 of 592
==67698==    at 0x4842839: malloc (in /usr/libexec/valgrind/vgpreload_memcheck-amd64-linux.so)
==67698==    by 0x129CB5: irBlockCreate (ir.c:459)
==67698==    by 0x12B1A4: BLOCK (shorthand.c:147)
==67698==    by 0x112AB3: translateExpressionValue (translation.c:3204)
==67698==    by 0x11154F: translateExpressionValue (translation.c:2747)
==67698==    by 0x11154F: translateExpressionValue (translation.c:2747)
==67698==    by 0x115305: translateStmt (translation.c:3925)
==67698==    by 0x114251: translateStmt (translation.c:3473)
==67698==    by 0x1159B6: translateFile (translation.c:4065)
==67698==    by 0x115A99: translate (translation.c:4093)
==67698==    by 0x13D3EC: testTraceScheduling (traceSchedule.c:97)
==67698==    by 0x135521: main (main.c:59)
==67698== 
==67698== 160 (24 direct, 136 indirect) bytes in 1 blocks are definitely lost in loss record 459 of 592
==67698==    at 0x4842839: malloc (in /usr/libexec/valgrind/vgpreload_memcheck-amd64-linux.so)
==67698==    by 0x129CB5: irBlockCreate (ir.c:459)
==67698==    by 0x12B1A4: BLOCK (shorthand.c:147)
==67698==    by 0x112AB3: translateExpressionValue (translation.c:3204)
==67698==    by 0x11154F: translateExpressionValue (translation.c:2747)
==67698==    by 0x11154F: translateExpressionValue (translation.c:2747)
==67698==    by 0x115553: translateStmt (translation.c:3971)
==67698==    by 0x114300: translateStmt (translation.c:3487)
==67698==    by 0x1159B6: translateFile (translation.c:4065)
==67698==    by 0x115A99: translate (translation.c:4093)
==67698==    by 0x13D3EC: testTraceScheduling (traceSchedule.c:97)
==67698==    by 0x135521: main (main.c:59)
==67698== 
==67698== 160 (24 direct, 136 indirect) bytes in 1 blocks are definitely lost in loss record 460 of 592
==67698==    at 0x4842839: malloc (in /usr/libexec/valgrind/vgpreload_memcheck-amd64-linux.so)
==67698==    by 0x129CB5: irBlockCreate (ir.c:459)
==67698==    by 0x12B1A4: BLOCK (shorthand.c:147)
==67698==    by 0x11338F: translateExpressionVoid (translation.c:3298)
==67698==    by 0x11589B: translateStmt (translation.c:4028)
==67698==    by 0x114251: translateStmt (translation.c:3473)
==67698==    by 0x1144C6: translateStmt (translation.c:3542)
==67698==    by 0x114300: translateStmt (translation.c:3487)
==67698==    by 0x1159B6: translateFile (translation.c:4065)
==67698==    by 0x115A99: translate (translation.c:4093)
==67698==    by 0x13D3EC: testTraceScheduling (traceSchedule.c:97)
==67698==    by 0x135521: main (main.c:59)
==67698== 
==67698== 160 (24 direct, 136 indirect) bytes in 1 blocks are definitely lost in loss record 461 of 592
==67698==    at 0x4842839: malloc (in /usr/libexec/valgrind/vgpreload_memcheck-amd64-linux.so)
==67698==    by 0x129CB5: irBlockCreate (ir.c:459)
==67698==    by 0x12B1A4: BLOCK (shorthand.c:147)
==67698==    by 0x111B5B: translateExpressionValue (translation.c:2862)
==67698==    by 0x112F68: translateExpressionPredicate (translation.c:2316)
==67698==    by 0x1144E2: translateStmt (translation.c:3545)
==67698==    by 0x114300: translateStmt (translation.c:3487)
==67698==    by 0x1159B6: translateFile (translation.c:4065)
==67698==    by 0x115A99: translate (translation.c:4093)
==67698==    by 0x13D3EC: testTraceScheduling (traceSchedule.c:97)
==67698==    by 0x135521: main (main.c:59)
==67698== 
==67698== 160 (24 direct, 136 indirect) bytes in 1 blocks are definitely lost in loss record 462 of 592
==67698==    at 0x4842839: malloc (in /usr/libexec/valgrind/vgpreload_memcheck-amd64-linux.so)
==67698==    by 0x129CB5: irBlockCreate (ir.c:459)
==67698==    by 0x12B1A4: BLOCK (shorthand.c:147)
==67698==    by 0x112AB3: translateExpressionValue (translation.c:3204)
==67698==    by 0x11154F: translateExpressionValue (translation.c:2747)
==67698==    by 0x111407: translateExpressionValue (translation.c:2710)
==67698==    by 0x115305: translateStmt (translation.c:3925)
==67698==    by 0x114251: translateStmt (translation.c:3473)
==67698==    by 0x1159B6: translateFile (translation.c:4065)
==67698==    by 0x115A99: translate (translation.c:4093)
==67698==    by 0x13D3EC: testTraceScheduling (traceSchedule.c:97)
==67698==    by 0x135521: main (main.c:59)
==67698== 
==67698== 160 (24 direct, 136 indirect) bytes in 1 blocks are definitely lost in loss record 463 of 592
==67698==    at 0x4842839: malloc (in /usr/libexec/valgrind/vgpreload_memcheck-amd64-linux.so)
==67698==    by 0x129CB5: irBlockCreate (ir.c:459)
==67698==    by 0x12B1A4: BLOCK (shorthand.c:147)
==67698==    by 0x112AB3: translateExpressionValue (translation.c:3204)
==67698==    by 0x111578: translateExpressionValue (translation.c:2749)
==67698==    by 0x111407: translateExpressionValue (translation.c:2710)
==67698==    by 0x115305: translateStmt (translation.c:3925)
==67698==    by 0x114251: translateStmt (translation.c:3473)
==67698==    by 0x1159B6: translateFile (translation.c:4065)
==67698==    by 0x115A99: translate (translation.c:4093)
==67698==    by 0x13D3EC: testTraceScheduling (traceSchedule.c:97)
==67698==    by 0x135521: main (main.c:59)
==67698== 
==67698== 160 (24 direct, 136 indirect) bytes in 1 blocks are definitely lost in loss record 464 of 592
==67698==    at 0x4842839: malloc (in /usr/libexec/valgrind/vgpreload_memcheck-amd64-linux.so)
==67698==    by 0x129CB5: irBlockCreate (ir.c:459)
==67698==    by 0x12B1A4: BLOCK (shorthand.c:147)
==67698==    by 0x112AB3: translateExpressionValue (translation.c:3204)
==67698==    by 0x11154F: translateExpressionValue (translation.c:2747)
==67698==    by 0x1114D7: translateExpressionValue (translation.c:2721)
==67698==    by 0x115305: translateStmt (translation.c:3925)
==67698==    by 0x114251: translateStmt (translation.c:3473)
==67698==    by 0x1159B6: translateFile (translation.c:4065)
==67698==    by 0x115A99: translate (translation.c:4093)
==67698==    by 0x13D3EC: testTraceScheduling (traceSchedule.c:97)
==67698==    by 0x135521: main (main.c:59)
==67698== 
==67698== 160 (24 direct, 136 indirect) bytes in 1 blocks are definitely lost in loss record 465 of 592
==67698==    at 0x4842839: malloc (in /usr/libexec/valgrind/vgpreload_memcheck-amd64-linux.so)
==67698==    by 0x129CB5: irBlockCreate (ir.c:459)
==67698==    by 0x12B1A4: BLOCK (shorthand.c:147)
==67698==    by 0x112AB3: translateExpressionValue (translation.c:3204)
==67698==    by 0x111578: translateExpressionValue (translation.c:2749)
==67698==    by 0x1114D7: translateExpressionValue (translation.c:2721)
==67698==    by 0x115305: translateStmt (translation.c:3925)
==67698==    by 0x114251: translateStmt (translation.c:3473)
==67698==    by 0x1159B6: translateFile (translation.c:4065)
==67698==    by 0x115A99: translate (translation.c:4093)
==67698==    by 0x13D3EC: testTraceScheduling (traceSchedule.c:97)
==67698==    by 0x135521: main (main.c:59)
==67698== 
==67698== 160 (24 direct, 136 indirect) bytes in 1 blocks are definitely lost in loss record 466 of 592
==67698==    at 0x4842839: malloc (in /usr/libexec/valgrind/vgpreload_memcheck-amd64-linux.so)
==67698==    by 0x129CB5: irBlockCreate (ir.c:459)
==67698==    by 0x12B1A4: BLOCK (shorthand.c:147)
==67698==    by 0x111588: translateExpressionValue (translation.c:2751)
==67698==    by 0x1114D7: translateExpressionValue (translation.c:2721)
==67698==    by 0x115305: translateStmt (translation.c:3925)
==67698==    by 0x114251: translateStmt (translation.c:3473)
==67698==    by 0x1159B6: translateFile (translation.c:4065)
==67698==    by 0x115A99: translate (translation.c:4093)
==67698==    by 0x13D3EC: testTraceScheduling (traceSchedule.c:97)
==67698==    by 0x135521: main (main.c:59)
==67698== 
==67698== 160 (24 direct, 136 indirect) bytes in 1 blocks are definitely lost in loss record 467 of 592
==67698==    at 0x4842839: malloc (in /usr/libexec/valgrind/vgpreload_memcheck-amd64-linux.so)
==67698==    by 0x129CB5: irBlockCreate (ir.c:459)
==67698==    by 0x12B1A4: BLOCK (shorthand.c:147)
==67698==    by 0x115566: translateStmt (translation.c:3973)
==67698==    by 0x114524: translateStmt (translation.c:3551)
==67698==    by 0x114300: translateStmt (translation.c:3487)
==67698==    by 0x1159B6: translateFile (translation.c:4065)
==67698==    by 0x115A99: translate (translation.c:4093)
==67698==    by 0x13D3EC: testTraceScheduling (traceSchedule.c:97)
==67698==    by 0x135521: main (main.c:59)
==67698== 
==67698== 160 (24 direct, 136 indirect) bytes in 1 blocks are definitely lost in loss record 468 of 592
==67698==    at 0x4842839: malloc (in /usr/libexec/valgrind/vgpreload_memcheck-amd64-linux.so)
==67698==    by 0x129CB5: irBlockCreate (ir.c:459)
==67698==    by 0x12B1A4: BLOCK (shorthand.c:147)
==67698==    by 0x112AB3: translateExpressionValue (translation.c:3204)
==67698==    by 0x112F68: translateExpressionPredicate (translation.c:2316)
==67698==    by 0x11454D: translateStmt (translation.c:3554)
==67698==    by 0x114300: translateStmt (translation.c:3487)
==67698==    by 0x1159B6: translateFile (translation.c:4065)
==67698==    by 0x115A99: translate (translation.c:4093)
==67698==    by 0x13D3EC: testTraceScheduling (traceSchedule.c:97)
==67698==    by 0x135521: main (main.c:59)
==67698== 
==67698== 160 (24 direct, 136 indirect) bytes in 1 blocks are definitely lost in loss record 469 of 592
==67698==    at 0x4842839: malloc (in /usr/libexec/valgrind/vgpreload_memcheck-amd64-linux.so)
==67698==    by 0x129CB5: irBlockCreate (ir.c:459)
==67698==    by 0x12B1A4: BLOCK (shorthand.c:147)
==67698==    by 0x112AB3: translateExpressionValue (translation.c:3204)
==67698==    by 0x112F68: translateExpressionPredicate (translation.c:2316)
==67698==    by 0x114346: translateStmt (translation.c:3513)
==67698==    by 0x114251: translateStmt (translation.c:3473)
==67698==    by 0x1159B6: translateFile (translation.c:4065)
==67698==    by 0x115A99: translate (translation.c:4093)
==67698==    by 0x13D3EC: testTraceScheduling (traceSchedule.c:97)
==67698==    by 0x135521: main (main.c:59)
==67698== 
==67698== 160 (24 direct, 136 indirect) bytes in 1 blocks are definitely lost in loss record 470 of 592
==67698==    at 0x4842839: malloc (in /usr/libexec/valgrind/vgpreload_memcheck-amd64-linux.so)
==67698==    by 0x129CB5: irBlockCreate (ir.c:459)
==67698==    by 0x12B1A4: BLOCK (shorthand.c:147)
==67698==    by 0x112AB3: translateExpressionValue (translation.c:3204)
==67698==    by 0x11154F: translateExpressionValue (translation.c:2747)
==67698==    by 0x115305: translateStmt (translation.c:3925)
==67698==    by 0x1143B0: translateStmt (translation.c:3518)
==67698==    by 0x114251: translateStmt (translation.c:3473)
==67698==    by 0x1159B6: translateFile (translation.c:4065)
==67698==    by 0x115A99: translate (translation.c:4093)
==67698==    by 0x13D3EC: testTraceScheduling (traceSchedule.c:97)
==67698==    by 0x135521: main (main.c:59)
==67698== 
==67698== 160 (24 direct, 136 indirect) bytes in 1 blocks are definitely lost in loss record 471 of 592
==67698==    at 0x4842839: malloc (in /usr/libexec/valgrind/vgpreload_memcheck-amd64-linux.so)
==67698==    by 0x129CB5: irBlockCreate (ir.c:459)
==67698==    by 0x12B1A4: BLOCK (shorthand.c:147)
==67698==    by 0x112AB3: translateExpressionValue (translation.c:3204)
==67698==    by 0x11201B: translateExpressionValue (translation.c:2963)
==67698==    by 0x111578: translateExpressionValue (translation.c:2749)
==67698==    by 0x115305: translateStmt (translation.c:3925)
==67698==    by 0x1143B0: translateStmt (translation.c:3518)
==67698==    by 0x114251: translateStmt (translation.c:3473)
==67698==    by 0x1159B6: translateFile (translation.c:4065)
==67698==    by 0x115A99: translate (translation.c:4093)
==67698==    by 0x13D3EC: testTraceScheduling (traceSchedule.c:97)
==67698== 
==67698== 160 (24 direct, 136 indirect) bytes in 1 blocks are definitely lost in loss record 472 of 592
==67698==    at 0x4842839: malloc (in /usr/libexec/valgrind/vgpreload_memcheck-amd64-linux.so)
==67698==    by 0x129CB5: irBlockCreate (ir.c:459)
==67698==    by 0x12B1A4: BLOCK (shorthand.c:147)
==67698==    by 0x112AB3: translateExpressionValue (translation.c:3204)
==67698==    by 0x11154F: translateExpressionValue (translation.c:2747)
==67698==    by 0x11206F: translateExpressionValue (translation.c:2975)
==67698==    by 0x111578: translateExpressionValue (translation.c:2749)
==67698==    by 0x115305: translateStmt (translation.c:3925)
==67698==    by 0x1143B0: translateStmt (translation.c:3518)
==67698==    by 0x114251: translateStmt (translation.c:3473)
==67698==    by 0x1159B6: translateFile (translation.c:4065)
==67698==    by 0x115A99: translate (translation.c:4093)
==67698== 
==67698== 160 (24 direct, 136 indirect) bytes in 1 blocks are definitely lost in loss record 473 of 592
==67698==    at 0x4842839: malloc (in /usr/libexec/valgrind/vgpreload_memcheck-amd64-linux.so)
==67698==    by 0x129CB5: irBlockCreate (ir.c:459)
==67698==    by 0x12B1A4: BLOCK (shorthand.c:147)
==67698==    by 0x111588: translateExpressionValue (translation.c:2751)
==67698==    by 0x11206F: translateExpressionValue (translation.c:2975)
==67698==    by 0x111578: translateExpressionValue (translation.c:2749)
==67698==    by 0x115305: translateStmt (translation.c:3925)
==67698==    by 0x1143B0: translateStmt (translation.c:3518)
==67698==    by 0x114251: translateStmt (translation.c:3473)
==67698==    by 0x1159B6: translateFile (translation.c:4065)
==67698==    by 0x115A99: translate (translation.c:4093)
==67698==    by 0x13D3EC: testTraceScheduling (traceSchedule.c:97)
==67698== 
==67698== 160 (24 direct, 136 indirect) bytes in 1 blocks are definitely lost in loss record 474 of 592
==67698==    at 0x4842839: malloc (in /usr/libexec/valgrind/vgpreload_memcheck-amd64-linux.so)
==67698==    by 0x129CB5: irBlockCreate (ir.c:459)
==67698==    by 0x12B1A4: BLOCK (shorthand.c:147)
==67698==    by 0x1120E3: translateExpressionValue (translation.c:2983)
==67698==    by 0x111578: translateExpressionValue (translation.c:2749)
==67698==    by 0x115305: translateStmt (translation.c:3925)
==67698==    by 0x1143B0: translateStmt (translation.c:3518)
==67698==    by 0x114251: translateStmt (translation.c:3473)
==67698==    by 0x1159B6: translateFile (translation.c:4065)
==67698==    by 0x115A99: translate (translation.c:4093)
==67698==    by 0x13D3EC: testTraceScheduling (traceSchedule.c:97)
==67698==    by 0x135521: main (main.c:59)
==67698== 
==67698== 160 (24 direct, 136 indirect) bytes in 1 blocks are definitely lost in loss record 475 of 592
==67698==    at 0x4842839: malloc (in /usr/libexec/valgrind/vgpreload_memcheck-amd64-linux.so)
==67698==    by 0x129CB5: irBlockCreate (ir.c:459)
==67698==    by 0x12B1A4: BLOCK (shorthand.c:147)
==67698==    by 0x111588: translateExpressionValue (translation.c:2751)
==67698==    by 0x115305: translateStmt (translation.c:3925)
==67698==    by 0x1143B0: translateStmt (translation.c:3518)
==67698==    by 0x114251: translateStmt (translation.c:3473)
==67698==    by 0x1159B6: translateFile (translation.c:4065)
==67698==    by 0x115A99: translate (translation.c:4093)
==67698==    by 0x13D3EC: testTraceScheduling (traceSchedule.c:97)
==67698==    by 0x135521: main (main.c:59)
==67698== 
==67698== 160 (24 direct, 136 indirect) bytes in 1 blocks are definitely lost in loss record 476 of 592
==67698==    at 0x4842839: malloc (in /usr/libexec/valgrind/vgpreload_memcheck-amd64-linux.so)
==67698==    by 0x129CB5: irBlockCreate (ir.c:459)
==67698==    by 0x12B1A4: BLOCK (shorthand.c:147)
==67698==    by 0x115313: translateStmt (translation.c:3927)
==67698==    by 0x1143B0: translateStmt (translation.c:3518)
==67698==    by 0x114251: translateStmt (translation.c:3473)
==67698==    by 0x1159B6: translateFile (translation.c:4065)
==67698==    by 0x115A99: translate (translation.c:4093)
==67698==    by 0x13D3EC: testTraceScheduling (traceSchedule.c:97)
==67698==    by 0x135521: main (main.c:59)
==67698== 
==67698== 160 (24 direct, 136 indirect) bytes in 1 blocks are definitely lost in loss record 477 of 592
==67698==    at 0x4842839: malloc (in /usr/libexec/valgrind/vgpreload_memcheck-amd64-linux.so)
==67698==    by 0x129CB5: irBlockCreate (ir.c:459)
==67698==    by 0x12B1A4: BLOCK (shorthand.c:147)
==67698==    by 0x112AB3: translateExpressionValue (translation.c:3204)
==67698==    by 0x11154F: translateExpressionValue (translation.c:2747)
==67698==    by 0x112F68: translateExpressionPredicate (translation.c:2316)
==67698==    by 0x114346: translateStmt (translation.c:3513)
==67698==    by 0x11429A: translateStmt (translation.c:3482)
==67698==    by 0x1159B6: translateFile (translation.c:4065)
==67698==    by 0x115A99: translate (translation.c:4093)
==67698==    by 0x13D3EC: testTraceScheduling (traceSchedule.c:97)
==67698==    by 0x135521: main (main.c:59)
==67698== 
==67698== 160 (24 direct, 136 indirect) bytes in 1 blocks are definitely lost in loss record 478 of 592
==67698==    at 0x4842839: malloc (in /usr/libexec/valgrind/vgpreload_memcheck-amd64-linux.so)
==67698==    by 0x129CB5: irBlockCreate (ir.c:459)
==67698==    by 0x12B1A4: BLOCK (shorthand.c:147)
==67698==    by 0x111588: translateExpressionValue (translation.c:2751)
==67698==    by 0x112F68: translateExpressionPredicate (translation.c:2316)
==67698==    by 0x114346: translateStmt (translation.c:3513)
==67698==    by 0x11429A: translateStmt (translation.c:3482)
==67698==    by 0x1159B6: translateFile (translation.c:4065)
==67698==    by 0x115A99: translate (translation.c:4093)
==67698==    by 0x13D3EC: testTraceScheduling (traceSchedule.c:97)
==67698==    by 0x135521: main (main.c:59)
==67698== 
==67698== 160 (24 direct, 136 indirect) bytes in 1 blocks are definitely lost in loss record 479 of 592
==67698==    at 0x4842839: malloc (in /usr/libexec/valgrind/vgpreload_memcheck-amd64-linux.so)
==67698==    by 0x129CB5: irBlockCreate (ir.c:459)
==67698==    by 0x12B1A4: BLOCK (shorthand.c:147)
==67698==    by 0x11214F: translateExpressionValue (translation.c:2991)
==67698==    by 0x115305: translateStmt (translation.c:3925)
==67698==    by 0x114251: translateStmt (translation.c:3473)
==67698==    by 0x1143B0: translateStmt (translation.c:3518)
==67698==    by 0x11429A: translateStmt (translation.c:3482)
==67698==    by 0x1159B6: translateFile (translation.c:4065)
==67698==    by 0x115A99: translate (translation.c:4093)
==67698==    by 0x13D3EC: testTraceScheduling (traceSchedule.c:97)
==67698==    by 0x135521: main (main.c:59)
==67698== 
==67698== 160 (24 direct, 136 indirect) bytes in 1 blocks are definitely lost in loss record 480 of 592
==67698==    at 0x4842839: malloc (in /usr/libexec/valgrind/vgpreload_memcheck-amd64-linux.so)
==67698==    by 0x129CB5: irBlockCreate (ir.c:459)
==67698==    by 0x12B1A4: BLOCK (shorthand.c:147)
==67698==    by 0x115313: translateStmt (translation.c:3927)
==67698==    by 0x114251: translateStmt (translation.c:3473)
==67698==    by 0x1143B0: translateStmt (translation.c:3518)
==67698==    by 0x11429A: translateStmt (translation.c:3482)
==67698==    by 0x1159B6: translateFile (translation.c:4065)
==67698==    by 0x115A99: translate (translation.c:4093)
==67698==    by 0x13D3EC: testTraceScheduling (traceSchedule.c:97)
==67698==    by 0x135521: main (main.c:59)
==67698== 
==67698== 160 (24 direct, 136 indirect) bytes in 1 blocks are definitely lost in loss record 481 of 592
==67698==    at 0x4842839: malloc (in /usr/libexec/valgrind/vgpreload_memcheck-amd64-linux.so)
==67698==    by 0x129CB5: irBlockCreate (ir.c:459)
==67698==    by 0x12B1A4: BLOCK (shorthand.c:147)
==67698==    by 0x112AB3: translateExpressionValue (translation.c:3204)
==67698==    by 0x1114D7: translateExpressionValue (translation.c:2721)
==67698==    by 0x1114D7: translateExpressionValue (translation.c:2721)
==67698==    by 0x115305: translateStmt (translation.c:3925)
==67698==    by 0x114251: translateStmt (translation.c:3473)
==67698==    by 0x1159B6: translateFile (translation.c:4065)
==67698==    by 0x115A99: translate (translation.c:4093)
==67698==    by 0x13D3EC: testTraceScheduling (traceSchedule.c:97)
==67698==    by 0x135521: main (main.c:59)
==67698== 
==67698== 160 (24 direct, 136 indirect) bytes in 1 blocks are definitely lost in loss record 482 of 592
==67698==    at 0x4842839: malloc (in /usr/libexec/valgrind/vgpreload_memcheck-amd64-linux.so)
==67698==    by 0x129CB5: irBlockCreate (ir.c:459)
==67698==    by 0x12B1A4: BLOCK (shorthand.c:147)
==67698==    by 0x1114E5: translateExpressionValue (translation.c:2723)
==67698==    by 0x1114D7: translateExpressionValue (translation.c:2721)
==67698==    by 0x115305: translateStmt (translation.c:3925)
==67698==    by 0x114251: translateStmt (translation.c:3473)
==67698==    by 0x1159B6: translateFile (translation.c:4065)
==67698==    by 0x115A99: translate (translation.c:4093)
==67698==    by 0x13D3EC: testTraceScheduling (traceSchedule.c:97)
==67698==    by 0x135521: main (main.c:59)
==67698== 
==67698== 160 (24 direct, 136 indirect) bytes in 1 blocks are definitely lost in loss record 483 of 592
==67698==    at 0x4842839: malloc (in /usr/libexec/valgrind/vgpreload_memcheck-amd64-linux.so)
==67698==    by 0x129CB5: irBlockCreate (ir.c:459)
==67698==    by 0x12B1A4: BLOCK (shorthand.c:147)
==67698==    by 0x112AB3: translateExpressionValue (translation.c:3204)
==67698==    by 0x11171F: translateExpressionValue (translation.c:2781)
==67698==    by 0x1132BA: translateExpressionVoid (translation.c:3271)
==67698==    by 0x11589B: translateStmt (translation.c:4028)
==67698==    by 0x114300: translateStmt (translation.c:3487)
==67698==    by 0x1159B6: translateFile (translation.c:4065)
==67698==    by 0x115A99: translate (translation.c:4093)
==67698==    by 0x13D3EC: testTraceScheduling (traceSchedule.c:97)
==67698==    by 0x135521: main (main.c:59)
==67698== 
==67698== 160 (24 direct, 136 indirect) bytes in 1 blocks are definitely lost in loss record 484 of 592
==67698==    at 0x4842839: malloc (in /usr/libexec/valgrind/vgpreload_memcheck-amd64-linux.so)
==67698==    by 0x129CB5: irBlockCreate (ir.c:459)
==67698==    by 0x12B1A4: BLOCK (shorthand.c:147)
==67698==    by 0x11172D: translateExpressionValue (translation.c:2782)
==67698==    by 0x1132BA: translateExpressionVoid (translation.c:3271)
==67698==    by 0x11589B: translateStmt (translation.c:4028)
==67698==    by 0x114300: translateStmt (translation.c:3487)
==67698==    by 0x1159B6: translateFile (translation.c:4065)
==67698==    by 0x115A99: translate (translation.c:4093)
==67698==    by 0x13D3EC: testTraceScheduling (traceSchedule.c:97)
==67698==    by 0x135521: main (main.c:59)
==67698== 
==67698== 160 (24 direct, 136 indirect) bytes in 1 blocks are definitely lost in loss record 485 of 592
==67698==    at 0x4842839: malloc (in /usr/libexec/valgrind/vgpreload_memcheck-amd64-linux.so)
==67698==    by 0x129CB5: irBlockCreate (ir.c:459)
==67698==    by 0x12B1A4: BLOCK (shorthand.c:147)
==67698==    by 0x112AB3: translateExpressionValue (translation.c:3204)
==67698==    by 0x11201B: translateExpressionValue (translation.c:2963)
==67698==    by 0x1117EA: translateExpressionValue (translation.c:2795)
==67698==    by 0x1132BA: translateExpressionVoid (translation.c:3271)
==67698==    by 0x11589B: translateStmt (translation.c:4028)
==67698==    by 0x114300: translateStmt (translation.c:3487)
==67698==    by 0x1159B6: translateFile (translation.c:4065)
==67698==    by 0x115A99: translate (translation.c:4093)
==67698==    by 0x13D3EC: testTraceScheduling (traceSchedule.c:97)
==67698== 
==67698== 160 (24 direct, 136 indirect) bytes in 1 blocks are definitely lost in loss record 486 of 592
==67698==    at 0x4842839: malloc (in /usr/libexec/valgrind/vgpreload_memcheck-amd64-linux.so)
==67698==    by 0x129CB5: irBlockCreate (ir.c:459)
==67698==    by 0x12B1A4: BLOCK (shorthand.c:147)
==67698==    by 0x1120E3: translateExpressionValue (translation.c:2983)
==67698==    by 0x1117EA: translateExpressionValue (translation.c:2795)
==67698==    by 0x1132BA: translateExpressionVoid (translation.c:3271)
==67698==    by 0x11589B: translateStmt (translation.c:4028)
==67698==    by 0x114300: translateStmt (translation.c:3487)
==67698==    by 0x1159B6: translateFile (translation.c:4065)
==67698==    by 0x115A99: translate (translation.c:4093)
==67698==    by 0x13D3EC: testTraceScheduling (traceSchedule.c:97)
==67698==    by 0x135521: main (main.c:59)
==67698== 
==67698== 160 (24 direct, 136 indirect) bytes in 1 blocks are definitely lost in loss record 487 of 592
==67698==    at 0x4842839: malloc (in /usr/libexec/valgrind/vgpreload_memcheck-amd64-linux.so)
==67698==    by 0x129CB5: irBlockCreate (ir.c:459)
==67698==    by 0x12B1A4: BLOCK (shorthand.c:147)
==67698==    by 0x111820: translateExpressionValue (translation.c:2799)
==67698==    by 0x1132BA: translateExpressionVoid (translation.c:3271)
==67698==    by 0x11589B: translateStmt (translation.c:4028)
==67698==    by 0x114300: translateStmt (translation.c:3487)
==67698==    by 0x1159B6: translateFile (translation.c:4065)
==67698==    by 0x115A99: translate (translation.c:4093)
==67698==    by 0x13D3EC: testTraceScheduling (traceSchedule.c:97)
==67698==    by 0x135521: main (main.c:59)
==67698== 
==67698== 160 (24 direct, 136 indirect) bytes in 1 blocks are definitely lost in loss record 488 of 592
==67698==    at 0x4842839: malloc (in /usr/libexec/valgrind/vgpreload_memcheck-amd64-linux.so)
==67698==    by 0x129CB5: irBlockCreate (ir.c:459)
==67698==    by 0x12B1A4: BLOCK (shorthand.c:147)
==67698==    by 0x112AB3: translateExpressionValue (translation.c:3204)
==67698==    by 0x111621: translateExpressionValue (translation.c:2763)
==67698==    by 0x11154F: translateExpressionValue (translation.c:2747)
==67698==    by 0x11154F: translateExpressionValue (translation.c:2747)
==67698==    by 0x115553: translateStmt (translation.c:3971)
==67698==    by 0x114300: translateStmt (translation.c:3487)
==67698==    by 0x1159B6: translateFile (translation.c:4065)
==67698==    by 0x115A99: translate (translation.c:4093)
==67698==    by 0x13D3EC: testTraceScheduling (traceSchedule.c:97)
==67698== 
==67698== 160 (24 direct, 136 indirect) bytes in 1 blocks are definitely lost in loss record 489 of 592
==67698==    at 0x4842839: malloc (in /usr/libexec/valgrind/vgpreload_memcheck-amd64-linux.so)
==67698==    by 0x129CB5: irBlockCreate (ir.c:459)
==67698==    by 0x12B1A4: BLOCK (shorthand.c:147)
==67698==    by 0x11162F: translateExpressionValue (translation.c:2764)
==67698==    by 0x11154F: translateExpressionValue (translation.c:2747)
==67698==    by 0x11154F: translateExpressionValue (translation.c:2747)
==67698==    by 0x115553: translateStmt (translation.c:3971)
==67698==    by 0x114300: translateStmt (translation.c:3487)
==67698==    by 0x1159B6: translateFile (translation.c:4065)
==67698==    by 0x115A99: translate (translation.c:4093)
==67698==    by 0x13D3EC: testTraceScheduling (traceSchedule.c:97)
==67698==    by 0x135521: main (main.c:59)
==67698== 
==67698== 160 (24 direct, 136 indirect) bytes in 1 blocks are definitely lost in loss record 490 of 592
==67698==    at 0x4842839: malloc (in /usr/libexec/valgrind/vgpreload_memcheck-amd64-linux.so)
==67698==    by 0x129CB5: irBlockCreate (ir.c:459)
==67698==    by 0x12B1A4: BLOCK (shorthand.c:147)
==67698==    by 0x112AB3: translateExpressionValue (translation.c:3204)
==67698==    by 0x113D8B: translateExpressionLValue (translation.c:2077)
==67698==    by 0x113670: translateExpressionVoid (translation.c:3378)
==67698==    by 0x11589B: translateStmt (translation.c:4028)
==67698==    by 0x114300: translateStmt (translation.c:3487)
==67698==    by 0x1159B6: translateFile (translation.c:4065)
==67698==    by 0x115A99: translate (translation.c:4093)
==67698==    by 0x13D3EC: testTraceScheduling (traceSchedule.c:97)
==67698==    by 0x135521: main (main.c:59)
==67698== 
==67698== 160 (24 direct, 136 indirect) bytes in 1 blocks are definitely lost in loss record 491 of 592
==67698==    at 0x4842839: malloc (in /usr/libexec/valgrind/vgpreload_memcheck-amd64-linux.so)
==67698==    by 0x129CB5: irBlockCreate (ir.c:459)
==67698==    by 0x12B1A4: BLOCK (shorthand.c:147)
==67698==    by 0x112AB3: translateExpressionValue (translation.c:3204)
==67698==    by 0x111621: translateExpressionValue (translation.c:2763)
==67698==    by 0x11154F: translateExpressionValue (translation.c:2747)
==67698==    by 0x115305: translateStmt (translation.c:3925)
==67698==    by 0x11429A: translateStmt (translation.c:3482)
==67698==    by 0x1159B6: translateFile (translation.c:4065)
==67698==    by 0x115A99: translate (translation.c:4093)
==67698==    by 0x13D3EC: testTraceScheduling (traceSchedule.c:97)
==67698==    by 0x135521: main (main.c:59)
==67698== 
==67698== 160 (24 direct, 136 indirect) bytes in 1 blocks are definitely lost in loss record 492 of 592
==67698==    at 0x4842839: malloc (in /usr/libexec/valgrind/vgpreload_memcheck-amd64-linux.so)
==67698==    by 0x129CB5: irBlockCreate (ir.c:459)
==67698==    by 0x12B1A4: BLOCK (shorthand.c:147)
==67698==    by 0x11162F: translateExpressionValue (translation.c:2764)
==67698==    by 0x11154F: translateExpressionValue (translation.c:2747)
==67698==    by 0x115305: translateStmt (translation.c:3925)
==67698==    by 0x11429A: translateStmt (translation.c:3482)
==67698==    by 0x1159B6: translateFile (translation.c:4065)
==67698==    by 0x115A99: translate (translation.c:4093)
==67698==    by 0x13D3EC: testTraceScheduling (traceSchedule.c:97)
==67698==    by 0x135521: main (main.c:59)
==67698== 
==67698== 160 (24 direct, 136 indirect) bytes in 1 blocks are definitely lost in loss record 493 of 592
==67698==    at 0x4842839: malloc (in /usr/libexec/valgrind/vgpreload_memcheck-amd64-linux.so)
==67698==    by 0x129CB5: irBlockCreate (ir.c:459)
==67698==    by 0x12B1A4: BLOCK (shorthand.c:147)
==67698==    by 0x112AB3: translateExpressionValue (translation.c:3204)
==67698==    by 0x11171F: translateExpressionValue (translation.c:2781)
==67698==    by 0x111578: translateExpressionValue (translation.c:2749)
==67698==    by 0x115305: translateStmt (translation.c:3925)
==67698==    by 0x11429A: translateStmt (translation.c:3482)
==67698==    by 0x1159B6: translateFile (translation.c:4065)
==67698==    by 0x115A99: translate (translation.c:4093)
==67698==    by 0x13D3EC: testTraceScheduling (traceSchedule.c:97)
==67698==    by 0x135521: main (main.c:59)
==67698== 
==67698== 160 (24 direct, 136 indirect) bytes in 1 blocks are definitely lost in loss record 494 of 592
==67698==    at 0x4842839: malloc (in /usr/libexec/valgrind/vgpreload_memcheck-amd64-linux.so)
==67698==    by 0x129CB5: irBlockCreate (ir.c:459)
==67698==    by 0x12B1A4: BLOCK (shorthand.c:147)
==67698==    by 0x11172D: translateExpressionValue (translation.c:2782)
==67698==    by 0x111578: translateExpressionValue (translation.c:2749)
==67698==    by 0x115305: translateStmt (translation.c:3925)
==67698==    by 0x11429A: translateStmt (translation.c:3482)
==67698==    by 0x1159B6: translateFile (translation.c:4065)
==67698==    by 0x115A99: translate (translation.c:4093)
==67698==    by 0x13D3EC: testTraceScheduling (traceSchedule.c:97)
==67698==    by 0x135521: main (main.c:59)
==67698== 
==67698== 160 (24 direct, 136 indirect) bytes in 1 blocks are definitely lost in loss record 495 of 592
==67698==    at 0x4842839: malloc (in /usr/libexec/valgrind/vgpreload_memcheck-amd64-linux.so)
==67698==    by 0x129CB5: irBlockCreate (ir.c:459)
==67698==    by 0x12B1A4: BLOCK (shorthand.c:147)
==67698==    by 0x1126ED: translateExpressionValue (translation.c:3107)
==67698==    by 0x115305: translateStmt (translation.c:3925)
==67698==    by 0x114251: translateStmt (translation.c:3473)
==67698==    by 0x1159B6: translateFile (translation.c:4065)
==67698==    by 0x115A99: translate (translation.c:4093)
==67698==    by 0x13D3EC: testTraceScheduling (traceSchedule.c:97)
==67698==    by 0x135521: main (main.c:59)
==67698== 
==67698== 160 (24 direct, 136 indirect) bytes in 1 blocks are definitely lost in loss record 496 of 592
==67698==    at 0x4842839: malloc (in /usr/libexec/valgrind/vgpreload_memcheck-amd64-linux.so)
==67698==    by 0x129CB5: irBlockCreate (ir.c:459)
==67698==    by 0x12B1A4: BLOCK (shorthand.c:147)
==67698==    by 0x111ADB: translateExpressionValue (translation.c:2850)
==67698==    by 0x115553: translateStmt (translation.c:3971)
==67698==    by 0x114300: translateStmt (translation.c:3487)
==67698==    by 0x1159B6: translateFile (translation.c:4065)
==67698==    by 0x115A99: translate (translation.c:4093)
==67698==    by 0x13D3EC: testTraceScheduling (traceSchedule.c:97)
==67698==    by 0x135521: main (main.c:59)
==67698== 
==67698== 160 (24 direct, 136 indirect) bytes in 1 blocks are definitely lost in loss record 497 of 592
==67698==    at 0x4842839: malloc (in /usr/libexec/valgrind/vgpreload_memcheck-amd64-linux.so)
==67698==    by 0x129CB5: irBlockCreate (ir.c:459)
==67698==    by 0x12B1A4: BLOCK (shorthand.c:147)
==67698==    by 0x112AB3: translateExpressionValue (translation.c:3204)
==67698==    by 0x113923: translateExpressionLValue (translation.c:2139)
==67698==    by 0x113670: translateExpressionVoid (translation.c:3378)
==67698==    by 0x11589B: translateStmt (translation.c:4028)
==67698==    by 0x114300: translateStmt (translation.c:3487)
==67698==    by 0x1159B6: translateFile (translation.c:4065)
==67698==    by 0x115A99: translate (translation.c:4093)
==67698==    by 0x13D3EC: testTraceScheduling (traceSchedule.c:97)
==67698==    by 0x135521: main (main.c:59)
==67698== 
==67698== 160 (24 direct, 136 indirect) bytes in 1 blocks are definitely lost in loss record 498 of 592
==67698==    at 0x4842839: malloc (in /usr/libexec/valgrind/vgpreload_memcheck-amd64-linux.so)
==67698==    by 0x129CB5: irBlockCreate (ir.c:459)
==67698==    by 0x12B1A4: BLOCK (shorthand.c:147)
==67698==    by 0x112AB3: translateExpressionValue (translation.c:3204)
==67698==    by 0x111C1E: translateExpressionValue (translation.c:2877)
==67698==    by 0x1132BA: translateExpressionVoid (translation.c:3271)
==67698==    by 0x11589B: translateStmt (translation.c:4028)
==67698==    by 0x114300: translateStmt (translation.c:3487)
==67698==    by 0x1159B6: translateFile (translation.c:4065)
==67698==    by 0x115A99: translate (translation.c:4093)
==67698==    by 0x13D3EC: testTraceScheduling (traceSchedule.c:97)
==67698==    by 0x135521: main (main.c:59)
==67698== 
==67698== 160 (24 direct, 136 indirect) bytes in 1 blocks are definitely lost in loss record 499 of 592
==67698==    at 0x4842839: malloc (in /usr/libexec/valgrind/vgpreload_memcheck-amd64-linux.so)
==67698==    by 0x129CB5: irBlockCreate (ir.c:459)
==67698==    by 0x12B1A4: BLOCK (shorthand.c:147)
==67698==    by 0x111C2E: translateExpressionValue (translation.c:2878)
==67698==    by 0x1132BA: translateExpressionVoid (translation.c:3271)
==67698==    by 0x11589B: translateStmt (translation.c:4028)
==67698==    by 0x114300: translateStmt (translation.c:3487)
==67698==    by 0x1159B6: translateFile (translation.c:4065)
==67698==    by 0x115A99: translate (translation.c:4093)
==67698==    by 0x13D3EC: testTraceScheduling (traceSchedule.c:97)
==67698==    by 0x135521: main (main.c:59)
==67698== 
==67698== 160 (24 direct, 136 indirect) bytes in 1 blocks are definitely lost in loss record 500 of 592
==67698==    at 0x4842839: malloc (in /usr/libexec/valgrind/vgpreload_memcheck-amd64-linux.so)
==67698==    by 0x129CB5: irBlockCreate (ir.c:459)
==67698==    by 0x12B1A4: BLOCK (shorthand.c:147)
==67698==    by 0x112AB3: translateExpressionValue (translation.c:3204)
==67698==    by 0x11154F: translateExpressionValue (translation.c:2747)
==67698==    by 0x112F68: translateExpressionPredicate (translation.c:2316)
==67698==    by 0x1130BA: translateExpressionPredicate (translation.c:2362)
==67698==    by 0x1130A8: translateExpressionPredicate (translation.c:2357)
==67698==    by 0x111E95: translateExpressionValue (translation.c:2934)
==67698==    by 0x115305: translateStmt (translation.c:3925)
==67698==    by 0x11429A: translateStmt (translation.c:3482)
==67698==    by 0x1159B6: translateFile (translation.c:4065)
==67698== 
==67698== 160 (24 direct, 136 indirect) bytes in 1 blocks are definitely lost in loss record 501 of 592
==67698==    at 0x4842839: malloc (in /usr/libexec/valgrind/vgpreload_memcheck-amd64-linux.so)
==67698==    by 0x129CB5: irBlockCreate (ir.c:459)
==67698==    by 0x12B1A4: BLOCK (shorthand.c:147)
==67698==    by 0x111588: translateExpressionValue (translation.c:2751)
==67698==    by 0x112F68: translateExpressionPredicate (translation.c:2316)
==67698==    by 0x1130BA: translateExpressionPredicate (translation.c:2362)
==67698==    by 0x1130A8: translateExpressionPredicate (translation.c:2357)
==67698==    by 0x111E95: translateExpressionValue (translation.c:2934)
==67698==    by 0x115305: translateStmt (translation.c:3925)
==67698==    by 0x11429A: translateStmt (translation.c:3482)
==67698==    by 0x1159B6: translateFile (translation.c:4065)
==67698==    by 0x115A99: translate (translation.c:4093)
==67698== 
==67698== 160 (24 direct, 136 indirect) bytes in 1 blocks are definitely lost in loss record 502 of 592
==67698==    at 0x4842839: malloc (in /usr/libexec/valgrind/vgpreload_memcheck-amd64-linux.so)
==67698==    by 0x129CB5: irBlockCreate (ir.c:459)
==67698==    by 0x12B1A4: BLOCK (shorthand.c:147)
==67698==    by 0x112AB3: translateExpressionValue (translation.c:3204)
==67698==    by 0x111C1E: translateExpressionValue (translation.c:2877)
==67698==    by 0x111EB6: translateExpressionValue (translation.c:2938)
==67698==    by 0x115305: translateStmt (translation.c:3925)
==67698==    by 0x11429A: translateStmt (translation.c:3482)
==67698==    by 0x1159B6: translateFile (translation.c:4065)
==67698==    by 0x115A99: translate (translation.c:4093)
==67698==    by 0x13D3EC: testTraceScheduling (traceSchedule.c:97)
==67698==    by 0x135521: main (main.c:59)
==67698== 
==67698== 160 (24 direct, 136 indirect) bytes in 1 blocks are definitely lost in loss record 503 of 592
==67698==    at 0x4842839: malloc (in /usr/libexec/valgrind/vgpreload_memcheck-amd64-linux.so)
==67698==    by 0x129CB5: irBlockCreate (ir.c:459)
==67698==    by 0x12B1A4: BLOCK (shorthand.c:147)
==67698==    by 0x111C2E: translateExpressionValue (translation.c:2878)
==67698==    by 0x111EB6: translateExpressionValue (translation.c:2938)
==67698==    by 0x115305: translateStmt (translation.c:3925)
==67698==    by 0x11429A: translateStmt (translation.c:3482)
==67698==    by 0x1159B6: translateFile (translation.c:4065)
==67698==    by 0x115A99: translate (translation.c:4093)
==67698==    by 0x13D3EC: testTraceScheduling (traceSchedule.c:97)
==67698==    by 0x135521: main (main.c:59)
==67698== 
==67698== 160 (24 direct, 136 indirect) bytes in 1 blocks are definitely lost in loss record 504 of 592
==67698==    at 0x4842839: malloc (in /usr/libexec/valgrind/vgpreload_memcheck-amd64-linux.so)
==67698==    by 0x129CB5: irBlockCreate (ir.c:459)
==67698==    by 0x12B1A4: BLOCK (shorthand.c:147)
==67698==    by 0x111EC6: translateExpressionValue (translation.c:2940)
==67698==    by 0x115305: translateStmt (translation.c:3925)
==67698==    by 0x11429A: translateStmt (translation.c:3482)
==67698==    by 0x1159B6: translateFile (translation.c:4065)
==67698==    by 0x115A99: translate (translation.c:4093)
==67698==    by 0x13D3EC: testTraceScheduling (traceSchedule.c:97)
==67698==    by 0x135521: main (main.c:59)
==67698== 
==67698== 160 (24 direct, 136 indirect) bytes in 1 blocks are definitely lost in loss record 505 of 592
==67698==    at 0x4842839: malloc (in /usr/libexec/valgrind/vgpreload_memcheck-amd64-linux.so)
==67698==    by 0x129CB5: irBlockCreate (ir.c:459)
==67698==    by 0x12B1A4: BLOCK (shorthand.c:147)
==67698==    by 0x112AB3: translateExpressionValue (translation.c:3204)
==67698==    by 0x111F57: translateExpressionValue (translation.c:2948)
==67698==    by 0x115305: translateStmt (translation.c:3925)
==67698==    by 0x11429A: translateStmt (translation.c:3482)
==67698==    by 0x1159B6: translateFile (translation.c:4065)
==67698==    by 0x115A99: translate (translation.c:4093)
==67698==    by 0x13D3EC: testTraceScheduling (traceSchedule.c:97)
==67698==    by 0x135521: main (main.c:59)
==67698== 
==67698== 160 (24 direct, 136 indirect) bytes in 1 blocks are definitely lost in loss record 506 of 592
==67698==    at 0x4842839: malloc (in /usr/libexec/valgrind/vgpreload_memcheck-amd64-linux.so)
==67698==    by 0x129CB5: irBlockCreate (ir.c:459)
==67698==    by 0x12B1A4: BLOCK (shorthand.c:147)
==67698==    by 0x111F65: translateExpressionValue (translation.c:2950)
==67698==    by 0x115305: translateStmt (translation.c:3925)
==67698==    by 0x11429A: translateStmt (translation.c:3482)
==67698==    by 0x1159B6: translateFile (translation.c:4065)
==67698==    by 0x115A99: translate (translation.c:4093)
==67698==    by 0x13D3EC: testTraceScheduling (traceSchedule.c:97)
==67698==    by 0x135521: main (main.c:59)
==67698== 
==67698== 160 (24 direct, 136 indirect) bytes in 1 blocks are definitely lost in loss record 507 of 592
==67698==    at 0x4842839: malloc (in /usr/libexec/valgrind/vgpreload_memcheck-amd64-linux.so)
==67698==    by 0x129CB5: irBlockCreate (ir.c:459)
==67698==    by 0x12B1A4: BLOCK (shorthand.c:147)
==67698==    by 0x11278F: translateExpressionValue (translation.c:3119)
==67698==    by 0x11154F: translateExpressionValue (translation.c:2747)
==67698==    by 0x11154F: translateExpressionValue (translation.c:2747)
==67698==    by 0x11154F: translateExpressionValue (translation.c:2747)
==67698==    by 0x115305: translateStmt (translation.c:3925)
==67698==    by 0x114251: translateStmt (translation.c:3473)
==67698==    by 0x1159B6: translateFile (translation.c:4065)
==67698==    by 0x115A99: translate (translation.c:4093)
==67698==    by 0x13D3EC: testTraceScheduling (traceSchedule.c:97)
==67698== 
==67698== 160 (24 direct, 136 indirect) bytes in 1 blocks are definitely lost in loss record 508 of 592
==67698==    at 0x4842839: malloc (in /usr/libexec/valgrind/vgpreload_memcheck-amd64-linux.so)
==67698==    by 0x129CB5: irBlockCreate (ir.c:459)
==67698==    by 0x12B1A4: BLOCK (shorthand.c:147)
==67698==    by 0x112AB3: translateExpressionValue (translation.c:3204)
==67698==    by 0x11154F: translateExpressionValue (translation.c:2747)
==67698==    by 0x111DB6: translateExpressionValue (translation.c:2911)
==67698==    by 0x111578: translateExpressionValue (translation.c:2749)
==67698==    by 0x11154F: translateExpressionValue (translation.c:2747)
==67698==    by 0x11154F: translateExpressionValue (translation.c:2747)
==67698==    by 0x115305: translateStmt (translation.c:3925)
==67698==    by 0x114251: translateStmt (translation.c:3473)
==67698==    by 0x1159B6: translateFile (translation.c:4065)
==67698== 
==67698== 160 (24 direct, 136 indirect) bytes in 1 blocks are definitely lost in loss record 509 of 592
==67698==    at 0x4842839: malloc (in /usr/libexec/valgrind/vgpreload_memcheck-amd64-linux.so)
==67698==    by 0x129CB5: irBlockCreate (ir.c:459)
==67698==    by 0x12B1A4: BLOCK (shorthand.c:147)
==67698==    by 0x112AB3: translateExpressionValue (translation.c:3204)
==67698==    by 0x111578: translateExpressionValue (translation.c:2749)
==67698==    by 0x111DB6: translateExpressionValue (translation.c:2911)
==67698==    by 0x111578: translateExpressionValue (translation.c:2749)
==67698==    by 0x11154F: translateExpressionValue (translation.c:2747)
==67698==    by 0x11154F: translateExpressionValue (translation.c:2747)
==67698==    by 0x115305: translateStmt (translation.c:3925)
==67698==    by 0x114251: translateStmt (translation.c:3473)
==67698==    by 0x1159B6: translateFile (translation.c:4065)
==67698== 
==67698== 160 (24 direct, 136 indirect) bytes in 1 blocks are definitely lost in loss record 510 of 592
==67698==    at 0x4842839: malloc (in /usr/libexec/valgrind/vgpreload_memcheck-amd64-linux.so)
==67698==    by 0x129CB5: irBlockCreate (ir.c:459)
==67698==    by 0x12B1A4: BLOCK (shorthand.c:147)
==67698==    by 0x111588: translateExpressionValue (translation.c:2751)
==67698==    by 0x111DB6: translateExpressionValue (translation.c:2911)
==67698==    by 0x111578: translateExpressionValue (translation.c:2749)
==67698==    by 0x11154F: translateExpressionValue (translation.c:2747)
==67698==    by 0x11154F: translateExpressionValue (translation.c:2747)
==67698==    by 0x115305: translateStmt (translation.c:3925)
==67698==    by 0x114251: translateStmt (translation.c:3473)
==67698==    by 0x1159B6: translateFile (translation.c:4065)
==67698==    by 0x115A99: translate (translation.c:4093)
==67698== 
==67698== 160 (24 direct, 136 indirect) bytes in 1 blocks are definitely lost in loss record 511 of 592
==67698==    at 0x4842839: malloc (in /usr/libexec/valgrind/vgpreload_memcheck-amd64-linux.so)
==67698==    by 0x129CB5: irBlockCreate (ir.c:459)
==67698==    by 0x12B1A4: BLOCK (shorthand.c:147)
==67698==    by 0x112AB3: translateExpressionValue (translation.c:3204)
==67698==    by 0x11154F: translateExpressionValue (translation.c:2747)
==67698==    by 0x115305: translateStmt (translation.c:3925)
==67698==    by 0x11429A: translateStmt (translation.c:3482)
==67698==    by 0x1159B6: translateFile (translation.c:4065)
==67698==    by 0x115A99: translate (translation.c:4093)
==67698==    by 0x13D3EC: testTraceScheduling (traceSchedule.c:97)
==67698==    by 0x135521: main (main.c:59)
==67698== 
==67698== 160 (24 direct, 136 indirect) bytes in 1 blocks are definitely lost in loss record 512 of 592
==67698==    at 0x4842839: malloc (in /usr/libexec/valgrind/vgpreload_memcheck-amd64-linux.so)
==67698==    by 0x129CB5: irBlockCreate (ir.c:459)
==67698==    by 0x12B1A4: BLOCK (shorthand.c:147)
==67698==    by 0x112AB3: translateExpressionValue (translation.c:3204)
==67698==    by 0x111578: translateExpressionValue (translation.c:2749)
==67698==    by 0x115305: translateStmt (translation.c:3925)
==67698==    by 0x11429A: translateStmt (translation.c:3482)
==67698==    by 0x1159B6: translateFile (translation.c:4065)
==67698==    by 0x115A99: translate (translation.c:4093)
==67698==    by 0x13D3EC: testTraceScheduling (traceSchedule.c:97)
==67698==    by 0x135521: main (main.c:59)
==67698== 
==67698== 160 (24 direct, 136 indirect) bytes in 1 blocks are definitely lost in loss record 513 of 592
==67698==    at 0x4842839: malloc (in /usr/libexec/valgrind/vgpreload_memcheck-amd64-linux.so)
==67698==    by 0x129CB5: irBlockCreate (ir.c:459)
==67698==    by 0x12B1A4: BLOCK (shorthand.c:147)
==67698==    by 0x112AB3: translateExpressionValue (translation.c:3204)
==67698==    by 0x11154F: translateExpressionValue (translation.c:2747)
==67698==    by 0x111DB6: translateExpressionValue (translation.c:2911)
==67698==    by 0x11154F: translateExpressionValue (translation.c:2747)
==67698==    by 0x112F68: translateExpressionPredicate (translation.c:2316)
==67698==    by 0x111E95: translateExpressionValue (translation.c:2934)
==67698==    by 0x115305: translateStmt (translation.c:3925)
==67698==    by 0x11429A: translateStmt (translation.c:3482)
==67698==    by 0x1159B6: translateFile (translation.c:4065)
==67698== 
==67698== 160 (24 direct, 136 indirect) bytes in 1 blocks are definitely lost in loss record 514 of 592
==67698==    at 0x4842839: malloc (in /usr/libexec/valgrind/vgpreload_memcheck-amd64-linux.so)
==67698==    by 0x129CB5: irBlockCreate (ir.c:459)
==67698==    by 0x12B1A4: BLOCK (shorthand.c:147)
==67698==    by 0x112AB3: translateExpressionValue (translation.c:3204)
==67698==    by 0x111578: translateExpressionValue (translation.c:2749)
==67698==    by 0x111DB6: translateExpressionValue (translation.c:2911)
==67698==    by 0x11154F: translateExpressionValue (translation.c:2747)
==67698==    by 0x112F68: translateExpressionPredicate (translation.c:2316)
==67698==    by 0x111E95: translateExpressionValue (translation.c:2934)
==67698==    by 0x115305: translateStmt (translation.c:3925)
==67698==    by 0x11429A: translateStmt (translation.c:3482)
==67698==    by 0x1159B6: translateFile (translation.c:4065)
==67698== 
==67698== 160 (24 direct, 136 indirect) bytes in 1 blocks are definitely lost in loss record 515 of 592
==67698==    at 0x4842839: malloc (in /usr/libexec/valgrind/vgpreload_memcheck-amd64-linux.so)
==67698==    by 0x129CB5: irBlockCreate (ir.c:459)
==67698==    by 0x12B1A4: BLOCK (shorthand.c:147)
==67698==    by 0x111588: translateExpressionValue (translation.c:2751)
==67698==    by 0x111DB6: translateExpressionValue (translation.c:2911)
==67698==    by 0x11154F: translateExpressionValue (translation.c:2747)
==67698==    by 0x112F68: translateExpressionPredicate (translation.c:2316)
==67698==    by 0x111E95: translateExpressionValue (translation.c:2934)
==67698==    by 0x115305: translateStmt (translation.c:3925)
==67698==    by 0x11429A: translateStmt (translation.c:3482)
==67698==    by 0x1159B6: translateFile (translation.c:4065)
==67698==    by 0x115A99: translate (translation.c:4093)
==67698== 
==67698== 160 (24 direct, 136 indirect) bytes in 1 blocks are definitely lost in loss record 516 of 592
==67698==    at 0x4842839: malloc (in /usr/libexec/valgrind/vgpreload_memcheck-amd64-linux.so)
==67698==    by 0x129CB5: irBlockCreate (ir.c:459)
==67698==    by 0x12B1A4: BLOCK (shorthand.c:147)
==67698==    by 0x111588: translateExpressionValue (translation.c:2751)
==67698==    by 0x112F68: translateExpressionPredicate (translation.c:2316)
==67698==    by 0x111E95: translateExpressionValue (translation.c:2934)
==67698==    by 0x115305: translateStmt (translation.c:3925)
==67698==    by 0x11429A: translateStmt (translation.c:3482)
==67698==    by 0x1159B6: translateFile (translation.c:4065)
==67698==    by 0x115A99: translate (translation.c:4093)
==67698==    by 0x13D3EC: testTraceScheduling (traceSchedule.c:97)
==67698==    by 0x135521: main (main.c:59)
==67698== 
==67698== 320 (48 direct, 272 indirect) bytes in 2 blocks are definitely lost in loss record 544 of 592
==67698==    at 0x4842839: malloc (in /usr/libexec/valgrind/vgpreload_memcheck-amd64-linux.so)
==67698==    by 0x129CB5: irBlockCreate (ir.c:459)
==67698==    by 0x12B1A4: BLOCK (shorthand.c:147)
==67698==    by 0x112AB3: translateExpressionValue (translation.c:3204)
==67698==    by 0x11337D: translateExpressionVoid (translation.c:3296)
==67698==    by 0x11589B: translateStmt (translation.c:4028)
==67698==    by 0x114300: translateStmt (translation.c:3487)
==67698==    by 0x1159B6: translateFile (translation.c:4065)
==67698==    by 0x115A99: translate (translation.c:4093)
==67698==    by 0x13D3EC: testTraceScheduling (traceSchedule.c:97)
==67698==    by 0x135521: main (main.c:59)
==67698== 
==67698== 320 (48 direct, 272 indirect) bytes in 2 blocks are definitely lost in loss record 545 of 592
==67698==    at 0x4842839: malloc (in /usr/libexec/valgrind/vgpreload_memcheck-amd64-linux.so)
==67698==    by 0x129CB5: irBlockCreate (ir.c:459)
==67698==    by 0x12B1A4: BLOCK (shorthand.c:147)
==67698==    by 0x111588: translateExpressionValue (translation.c:2751)
==67698==    by 0x11154F: translateExpressionValue (translation.c:2747)
==67698==    by 0x115553: translateStmt (translation.c:3971)
==67698==    by 0x114300: translateStmt (translation.c:3487)
==67698==    by 0x1159B6: translateFile (translation.c:4065)
==67698==    by 0x115A99: translate (translation.c:4093)
==67698==    by 0x13D3EC: testTraceScheduling (traceSchedule.c:97)
==67698==    by 0x135521: main (main.c:59)
==67698== 
==67698== 320 (48 direct, 272 indirect) bytes in 2 blocks are definitely lost in loss record 546 of 592
==67698==    at 0x4842839: malloc (in /usr/libexec/valgrind/vgpreload_memcheck-amd64-linux.so)
==67698==    by 0x129CB5: irBlockCreate (ir.c:459)
==67698==    by 0x12B1A4: BLOCK (shorthand.c:147)
==67698==    by 0x111588: translateExpressionValue (translation.c:2751)
==67698==    by 0x115553: translateStmt (translation.c:3971)
==67698==    by 0x114300: translateStmt (translation.c:3487)
==67698==    by 0x1159B6: translateFile (translation.c:4065)
==67698==    by 0x115A99: translate (translation.c:4093)
==67698==    by 0x13D3EC: testTraceScheduling (traceSchedule.c:97)
==67698==    by 0x135521: main (main.c:59)
==67698== 
==67698== 320 (48 direct, 272 indirect) bytes in 2 blocks are definitely lost in loss record 547 of 592
==67698==    at 0x4842839: malloc (in /usr/libexec/valgrind/vgpreload_memcheck-amd64-linux.so)
==67698==    by 0x129CB5: irBlockCreate (ir.c:459)
==67698==    by 0x12B1A4: BLOCK (shorthand.c:147)
==67698==    by 0x112AB3: translateExpressionValue (translation.c:3204)
==67698==    by 0x11154F: translateExpressionValue (translation.c:2747)
==67698==    by 0x11154F: translateExpressionValue (translation.c:2747)
==67698==    by 0x11353F: translateExpressionVoid (translation.c:3326)
==67698==    by 0x11589B: translateStmt (translation.c:4028)
==67698==    by 0x114300: translateStmt (translation.c:3487)
==67698==    by 0x1159B6: translateFile (translation.c:4065)
==67698==    by 0x115A99: translate (translation.c:4093)
==67698==    by 0x13D3EC: testTraceScheduling (traceSchedule.c:97)
==67698== 
==67698== 320 (48 direct, 272 indirect) bytes in 2 blocks are definitely lost in loss record 548 of 592
==67698==    at 0x4842839: malloc (in /usr/libexec/valgrind/vgpreload_memcheck-amd64-linux.so)
==67698==    by 0x129CB5: irBlockCreate (ir.c:459)
==67698==    by 0x12B1A4: BLOCK (shorthand.c:147)
==67698==    by 0x111588: translateExpressionValue (translation.c:2751)
==67698==    by 0x11154F: translateExpressionValue (translation.c:2747)
==67698==    by 0x11353F: translateExpressionVoid (translation.c:3326)
==67698==    by 0x11589B: translateStmt (translation.c:4028)
==67698==    by 0x114300: translateStmt (translation.c:3487)
==67698==    by 0x1159B6: translateFile (translation.c:4065)
==67698==    by 0x115A99: translate (translation.c:4093)
==67698==    by 0x13D3EC: testTraceScheduling (traceSchedule.c:97)
==67698==    by 0x135521: main (main.c:59)
==67698== 
==67698== 320 (48 direct, 272 indirect) bytes in 2 blocks are definitely lost in loss record 549 of 592
==67698==    at 0x4842839: malloc (in /usr/libexec/valgrind/vgpreload_memcheck-amd64-linux.so)
==67698==    by 0x129CB5: irBlockCreate (ir.c:459)
==67698==    by 0x12B1A4: BLOCK (shorthand.c:147)
==67698==    by 0x111588: translateExpressionValue (translation.c:2751)
==67698==    by 0x11353F: translateExpressionVoid (translation.c:3326)
==67698==    by 0x11589B: translateStmt (translation.c:4028)
==67698==    by 0x114300: translateStmt (translation.c:3487)
==67698==    by 0x1159B6: translateFile (translation.c:4065)
==67698==    by 0x115A99: translate (translation.c:4093)
==67698==    by 0x13D3EC: testTraceScheduling (traceSchedule.c:97)
==67698==    by 0x135521: main (main.c:59)
==67698== 
==67698== 320 (48 direct, 272 indirect) bytes in 2 blocks are definitely lost in loss record 550 of 592
==67698==    at 0x4842839: malloc (in /usr/libexec/valgrind/vgpreload_memcheck-amd64-linux.so)
==67698==    by 0x129CB5: irBlockCreate (ir.c:459)
==67698==    by 0x12B1A4: BLOCK (shorthand.c:147)
==67698==    by 0x11354D: translateExpressionVoid (translation.c:3328)
==67698==    by 0x11589B: translateStmt (translation.c:4028)
==67698==    by 0x114300: translateStmt (translation.c:3487)
==67698==    by 0x1159B6: translateFile (translation.c:4065)
==67698==    by 0x115A99: translate (translation.c:4093)
==67698==    by 0x13D3EC: testTraceScheduling (traceSchedule.c:97)
==67698==    by 0x135521: main (main.c:59)
==67698== 
==67698== 320 (48 direct, 272 indirect) bytes in 2 blocks are definitely lost in loss record 551 of 592
==67698==    at 0x4842839: malloc (in /usr/libexec/valgrind/vgpreload_memcheck-amd64-linux.so)
==67698==    by 0x129CB5: irBlockCreate (ir.c:459)
==67698==    by 0x12B1A4: BLOCK (shorthand.c:147)
==67698==    by 0x1114E5: translateExpressionValue (translation.c:2723)
==67698==    by 0x115305: translateStmt (translation.c:3925)
==67698==    by 0x114251: translateStmt (translation.c:3473)
==67698==    by 0x1159B6: translateFile (translation.c:4065)
==67698==    by 0x115A99: translate (translation.c:4093)
==67698==    by 0x13D3EC: testTraceScheduling (traceSchedule.c:97)
==67698==    by 0x135521: main (main.c:59)
==67698== 
==67698== 320 (48 direct, 272 indirect) bytes in 2 blocks are definitely lost in loss record 552 of 592
==67698==    at 0x4842839: malloc (in /usr/libexec/valgrind/vgpreload_memcheck-amd64-linux.so)
==67698==    by 0x129CB5: irBlockCreate (ir.c:459)
==67698==    by 0x12B1A4: BLOCK (shorthand.c:147)
==67698==    by 0x111588: translateExpressionValue (translation.c:2751)
==67698==    by 0x115305: translateStmt (translation.c:3925)
==67698==    by 0x11429A: translateStmt (translation.c:3482)
==67698==    by 0x1159B6: translateFile (translation.c:4065)
==67698==    by 0x115A99: translate (translation.c:4093)
==67698==    by 0x13D3EC: testTraceScheduling (traceSchedule.c:97)
==67698==    by 0x135521: main (main.c:59)
==67698== 
==67698== 480 (72 direct, 408 indirect) bytes in 3 blocks are definitely lost in loss record 558 of 592
==67698==    at 0x4842839: malloc (in /usr/libexec/valgrind/vgpreload_memcheck-amd64-linux.so)
==67698==    by 0x129CB5: irBlockCreate (ir.c:459)
==67698==    by 0x12B1A4: BLOCK (shorthand.c:147)
==67698==    by 0x112AB3: translateExpressionValue (translation.c:3204)
==67698==    by 0x11154F: translateExpressionValue (translation.c:2747)
==67698==    by 0x11154F: translateExpressionValue (translation.c:2747)
==67698==    by 0x11154F: translateExpressionValue (translation.c:2747)
==67698==    by 0x115305: translateStmt (translation.c:3925)
==67698==    by 0x114251: translateStmt (translation.c:3473)
==67698==    by 0x1159B6: translateFile (translation.c:4065)
==67698==    by 0x115A99: translate (translation.c:4093)
==67698==    by 0x13D3EC: testTraceScheduling (traceSchedule.c:97)
==67698== 
==67698== 480 (72 direct, 408 indirect) bytes in 3 blocks are definitely lost in loss record 559 of 592
==67698==    at 0x4842839: malloc (in /usr/libexec/valgrind/vgpreload_memcheck-amd64-linux.so)
==67698==    by 0x129CB5: irBlockCreate (ir.c:459)
==67698==    by 0x12B1A4: BLOCK (shorthand.c:147)
==67698==    by 0x112AB3: translateExpressionValue (translation.c:3204)
==67698==    by 0x111578: translateExpressionValue (translation.c:2749)
==67698==    by 0x11154F: translateExpressionValue (translation.c:2747)
==67698==    by 0x11154F: translateExpressionValue (translation.c:2747)
==67698==    by 0x115305: translateStmt (translation.c:3925)
==67698==    by 0x114251: translateStmt (translation.c:3473)
==67698==    by 0x1159B6: translateFile (translation.c:4065)
==67698==    by 0x115A99: translate (translation.c:4093)
==67698==    by 0x13D3EC: testTraceScheduling (traceSchedule.c:97)
==67698== 
==67698== 480 (72 direct, 408 indirect) bytes in 3 blocks are definitely lost in loss record 560 of 592
==67698==    at 0x4842839: malloc (in /usr/libexec/valgrind/vgpreload_memcheck-amd64-linux.so)
==67698==    by 0x129CB5: irBlockCreate (ir.c:459)
==67698==    by 0x12B1A4: BLOCK (shorthand.c:147)
==67698==    by 0x115622: translateStmt (translation.c:3987)
==67698==    by 0x114300: translateStmt (translation.c:3487)
==67698==    by 0x1159B6: translateFile (translation.c:4065)
==67698==    by 0x115A99: translate (translation.c:4093)
==67698==    by 0x13D3EC: testTraceScheduling (traceSchedule.c:97)
==67698==    by 0x135521: main (main.c:59)
==67698== 
==67698== 480 (72 direct, 408 indirect) bytes in 3 blocks are definitely lost in loss record 561 of 592
==67698==    at 0x4842839: malloc (in /usr/libexec/valgrind/vgpreload_memcheck-amd64-linux.so)
==67698==    by 0x129CB5: irBlockCreate (ir.c:459)
==67698==    by 0x12B1A4: BLOCK (shorthand.c:147)
==67698==    by 0x1132CA: translateExpressionVoid (translation.c:3273)
==67698==    by 0x11325C: translateExpressionVoid (translation.c:3262)
==67698==    by 0x11589B: translateStmt (translation.c:4028)
==67698==    by 0x114300: translateStmt (translation.c:3487)
==67698==    by 0x1159B6: translateFile (translation.c:4065)
==67698==    by 0x115A99: translate (translation.c:4093)
==67698==    by 0x13D3EC: testTraceScheduling (traceSchedule.c:97)
==67698==    by 0x135521: main (main.c:59)
==67698== 
==67698== 480 (72 direct, 408 indirect) bytes in 3 blocks are definitely lost in loss record 562 of 592
==67698==    at 0x4842839: malloc (in /usr/libexec/valgrind/vgpreload_memcheck-amd64-linux.so)
==67698==    by 0x129CB5: irBlockCreate (ir.c:459)
==67698==    by 0x12B1A4: BLOCK (shorthand.c:147)
==67698==    by 0x1132CA: translateExpressionVoid (translation.c:3273)
==67698==    by 0x113271: translateExpressionVoid (translation.c:3263)
==67698==    by 0x11589B: translateStmt (translation.c:4028)
==67698==    by 0x114300: translateStmt (translation.c:3487)
==67698==    by 0x1159B6: translateFile (translation.c:4065)
==67698==    by 0x115A99: translate (translation.c:4093)
==67698==    by 0x13D3EC: testTraceScheduling (traceSchedule.c:97)
==67698==    by 0x135521: main (main.c:59)
==67698== 
==67698== 480 (72 direct, 408 indirect) bytes in 3 blocks are definitely lost in loss record 563 of 592
==67698==    at 0x4842839: malloc (in /usr/libexec/valgrind/vgpreload_memcheck-amd64-linux.so)
==67698==    by 0x129CB5: irBlockCreate (ir.c:459)
==67698==    by 0x12B1A4: BLOCK (shorthand.c:147)
==67698==    by 0x111CAB: translateExpressionValue (translation.c:2892)
==67698==    by 0x112F68: translateExpressionPredicate (translation.c:2316)
==67698==    by 0x114448: translateStmt (translation.c:3530)
==67698==    by 0x114300: translateStmt (translation.c:3487)
==67698==    by 0x1159B6: translateFile (translation.c:4065)
==67698==    by 0x115A99: translate (translation.c:4093)
==67698==    by 0x13D3EC: testTraceScheduling (traceSchedule.c:97)
==67698==    by 0x135521: main (main.c:59)
==67698== 
==67698== 480 (72 direct, 408 indirect) bytes in 3 blocks are definitely lost in loss record 564 of 592
==67698==    at 0x4842839: malloc (in /usr/libexec/valgrind/vgpreload_memcheck-amd64-linux.so)
==67698==    by 0x129CB5: irBlockCreate (ir.c:459)
==67698==    by 0x12B1A4: BLOCK (shorthand.c:147)
==67698==    by 0x1132CA: translateExpressionVoid (translation.c:3273)
==67698==    by 0x11589B: translateStmt (translation.c:4028)
==67698==    by 0x114300: translateStmt (translation.c:3487)
==67698==    by 0x1159B6: translateFile (translation.c:4065)
==67698==    by 0x115A99: translate (translation.c:4093)
==67698==    by 0x13D3EC: testTraceScheduling (traceSchedule.c:97)
==67698==    by 0x135521: main (main.c:59)
==67698== 
==67698== 640 (96 direct, 544 indirect) bytes in 4 blocks are definitely lost in loss record 566 of 592
==67698==    at 0x4842839: malloc (in /usr/libexec/valgrind/vgpreload_memcheck-amd64-linux.so)
==67698==    by 0x129CB5: irBlockCreate (ir.c:459)
==67698==    by 0x12B1A4: BLOCK (shorthand.c:147)
==67698==    by 0x112AB3: translateExpressionValue (translation.c:3204)
==67698==    by 0x111578: translateExpressionValue (translation.c:2749)
==67698==    by 0x11154F: translateExpressionValue (translation.c:2747)
==67698==    by 0x115305: translateStmt (translation.c:3925)
==67698==    by 0x114251: translateStmt (translation.c:3473)
==67698==    by 0x1159B6: translateFile (translation.c:4065)
==67698==    by 0x115A99: translate (translation.c:4093)
==67698==    by 0x13D3EC: testTraceScheduling (traceSchedule.c:97)
==67698==    by 0x135521: main (main.c:59)
==67698== 
==67698== 640 (96 direct, 544 indirect) bytes in 4 blocks are definitely lost in loss record 567 of 592
==67698==    at 0x4842839: malloc (in /usr/libexec/valgrind/vgpreload_memcheck-amd64-linux.so)
==67698==    by 0x129CB5: irBlockCreate (ir.c:459)
==67698==    by 0x12B1A4: BLOCK (shorthand.c:147)
==67698==    by 0x112AB3: translateExpressionValue (translation.c:3204)
==67698==    by 0x111578: translateExpressionValue (translation.c:2749)
==67698==    by 0x115305: translateStmt (translation.c:3925)
==67698==    by 0x114251: translateStmt (translation.c:3473)
==67698==    by 0x1159B6: translateFile (translation.c:4065)
==67698==    by 0x115A99: translate (translation.c:4093)
==67698==    by 0x13D3EC: testTraceScheduling (traceSchedule.c:97)
==67698==    by 0x135521: main (main.c:59)
==67698== 
==67698== 640 (96 direct, 544 indirect) bytes in 4 blocks are definitely lost in loss record 568 of 592
==67698==    at 0x4842839: malloc (in /usr/libexec/valgrind/vgpreload_memcheck-amd64-linux.so)
==67698==    by 0x129CB5: irBlockCreate (ir.c:459)
==67698==    by 0x12B1A4: BLOCK (shorthand.c:147)
==67698==    by 0x111588: translateExpressionValue (translation.c:2751)
==67698==    by 0x11154F: translateExpressionValue (translation.c:2747)
==67698==    by 0x11154F: translateExpressionValue (translation.c:2747)
==67698==    by 0x115305: translateStmt (translation.c:3925)
==67698==    by 0x114251: translateStmt (translation.c:3473)
==67698==    by 0x1159B6: translateFile (translation.c:4065)
==67698==    by 0x115A99: translate (translation.c:4093)
==67698==    by 0x13D3EC: testTraceScheduling (traceSchedule.c:97)
==67698==    by 0x135521: main (main.c:59)
==67698== 
==67698== 640 (96 direct, 544 indirect) bytes in 4 blocks are definitely lost in loss record 569 of 592
==67698==    at 0x4842839: malloc (in /usr/libexec/valgrind/vgpreload_memcheck-amd64-linux.so)
==67698==    by 0x129CB5: irBlockCreate (ir.c:459)
==67698==    by 0x12B1A4: BLOCK (shorthand.c:147)
==67698==    by 0x1154EC: translateStmt (translation.c:3951)
==67698==    by 0x114300: translateStmt (translation.c:3487)
==67698==    by 0x1159B6: translateFile (translation.c:4065)
==67698==    by 0x115A99: translate (translation.c:4093)
==67698==    by 0x13D3EC: testTraceScheduling (traceSchedule.c:97)
==67698==    by 0x135521: main (main.c:59)
==67698== 
==67698== 800 (120 direct, 680 indirect) bytes in 5 blocks are definitely lost in loss record 570 of 592
==67698==    at 0x4842839: malloc (in /usr/libexec/valgrind/vgpreload_memcheck-amd64-linux.so)
==67698==    by 0x129CB5: irBlockCreate (ir.c:459)
==67698==    by 0x12B1A4: BLOCK (shorthand.c:147)
==67698==    by 0x111588: translateExpressionValue (translation.c:2751)
==67698==    by 0x11154F: translateExpressionValue (translation.c:2747)
==67698==    by 0x115305: translateStmt (translation.c:3925)
==67698==    by 0x114251: translateStmt (translation.c:3473)
==67698==    by 0x1159B6: translateFile (translation.c:4065)
==67698==    by 0x115A99: translate (translation.c:4093)
==67698==    by 0x13D3EC: testTraceScheduling (traceSchedule.c:97)
==67698==    by 0x135521: main (main.c:59)
==67698== 
==67698== 800 (120 direct, 680 indirect) bytes in 5 blocks are definitely lost in loss record 571 of 592
==67698==    at 0x4842839: malloc (in /usr/libexec/valgrind/vgpreload_memcheck-amd64-linux.so)
==67698==    by 0x129CB5: irBlockCreate (ir.c:459)
==67698==    by 0x12B1A4: BLOCK (shorthand.c:147)
==67698==    by 0x111588: translateExpressionValue (translation.c:2751)
==67698==    by 0x115305: translateStmt (translation.c:3925)
==67698==    by 0x114251: translateStmt (translation.c:3473)
==67698==    by 0x1159B6: translateFile (translation.c:4065)
==67698==    by 0x115A99: translate (translation.c:4093)
==67698==    by 0x13D3EC: testTraceScheduling (traceSchedule.c:97)
==67698==    by 0x135521: main (main.c:59)
==67698== 
==67698== 960 (144 direct, 816 indirect) bytes in 6 blocks are definitely lost in loss record 576 of 592
==67698==    at 0x4842839: malloc (in /usr/libexec/valgrind/vgpreload_memcheck-amd64-linux.so)
==67698==    by 0x129CB5: irBlockCreate (ir.c:459)
==67698==    by 0x12B1A4: BLOCK (shorthand.c:147)
==67698==    by 0x112AB3: translateExpressionValue (translation.c:3204)
==67698==    by 0x115305: translateStmt (translation.c:3925)
==67698==    by 0x11429A: translateStmt (translation.c:3482)
==67698==    by 0x1159B6: translateFile (translation.c:4065)
==67698==    by 0x115A99: translate (translation.c:4093)
==67698==    by 0x13D3EC: testTraceScheduling (traceSchedule.c:97)
==67698==    by 0x135521: main (main.c:59)
==67698== 
==67698== 1,120 (168 direct, 952 indirect) bytes in 7 blocks are definitely lost in loss record 579 of 592
==67698==    at 0x4842839: malloc (in /usr/libexec/valgrind/vgpreload_memcheck-amd64-linux.so)
==67698==    by 0x129CB5: irBlockCreate (ir.c:459)
==67698==    by 0x12B1A4: BLOCK (shorthand.c:147)
==67698==    by 0x11367F: translateExpressionVoid (translation.c:3380)
==67698==    by 0x11589B: translateStmt (translation.c:4028)
==67698==    by 0x114300: translateStmt (translation.c:3487)
==67698==    by 0x1159B6: translateFile (translation.c:4065)
==67698==    by 0x115A99: translate (translation.c:4093)
==67698==    by 0x13D3EC: testTraceScheduling (traceSchedule.c:97)
==67698==    by 0x135521: main (main.c:59)
==67698== 
==67698== 1,280 (192 direct, 1,088 indirect) bytes in 8 blocks are definitely lost in loss record 580 of 592
==67698==    at 0x4842839: malloc (in /usr/libexec/valgrind/vgpreload_memcheck-amd64-linux.so)
==67698==    by 0x129CB5: irBlockCreate (ir.c:459)
==67698==    by 0x12B1A4: BLOCK (shorthand.c:147)
==67698==    by 0x115313: translateStmt (translation.c:3927)
==67698==    by 0x114251: translateStmt (translation.c:3473)
==67698==    by 0x1159B6: translateFile (translation.c:4065)
==67698==    by 0x115A99: translate (translation.c:4093)
==67698==    by 0x13D3EC: testTraceScheduling (traceSchedule.c:97)
==67698==    by 0x135521: main (main.c:59)
==67698== 
==67698== 1,440 (216 direct, 1,224 indirect) bytes in 9 blocks are definitely lost in loss record 584 of 592
==67698==    at 0x4842839: malloc (in /usr/libexec/valgrind/vgpreload_memcheck-amd64-linux.so)
==67698==    by 0x129CB5: irBlockCreate (ir.c:459)
==67698==    by 0x12B1A4: BLOCK (shorthand.c:147)
==67698==    by 0x115566: translateStmt (translation.c:3973)
==67698==    by 0x114300: translateStmt (translation.c:3487)
==67698==    by 0x1159B6: translateFile (translation.c:4065)
==67698==    by 0x115A99: translate (translation.c:4093)
==67698==    by 0x13D3EC: testTraceScheduling (traceSchedule.c:97)
==67698==    by 0x135521: main (main.c:59)
==67698== 
==67698== 1,600 (240 direct, 1,360 indirect) bytes in 10 blocks are definitely lost in loss record 585 of 592
==67698==    at 0x4842839: malloc (in /usr/libexec/valgrind/vgpreload_memcheck-amd64-linux.so)
==67698==    by 0x129CB5: irBlockCreate (ir.c:459)
==67698==    by 0x12B1A4: BLOCK (shorthand.c:147)
==67698==    by 0x115313: translateStmt (translation.c:3927)
==67698==    by 0x11429A: translateStmt (translation.c:3482)
==67698==    by 0x1159B6: translateFile (translation.c:4065)
==67698==    by 0x115A99: translate (translation.c:4093)
==67698==    by 0x13D3EC: testTraceScheduling (traceSchedule.c:97)
==67698==    by 0x135521: main (main.c:59)
==67698== 
==67698== 1,760 (264 direct, 1,496 indirect) bytes in 11 blocks are definitely lost in loss record 586 of 592
==67698==    at 0x4842839: malloc (in /usr/libexec/valgrind/vgpreload_memcheck-amd64-linux.so)
==67698==    by 0x129CB5: irBlockCreate (ir.c:459)
==67698==    by 0x12B1A4: BLOCK (shorthand.c:147)
==67698==    by 0x11338F: translateExpressionVoid (translation.c:3298)
==67698==    by 0x11589B: translateStmt (translation.c:4028)
==67698==    by 0x114300: translateStmt (translation.c:3487)
==67698==    by 0x1159B6: translateFile (translation.c:4065)
==67698==    by 0x115A99: translate (translation.c:4093)
==67698==    by 0x13D3EC: testTraceScheduling (traceSchedule.c:97)
==67698==    by 0x135521: main (main.c:59)
==67698== 
==67698== 1,760 (264 direct, 1,496 indirect) bytes in 11 blocks are definitely lost in loss record 587 of 592
==67698==    at 0x4842839: malloc (in /usr/libexec/valgrind/vgpreload_memcheck-amd64-linux.so)
==67698==    by 0x129CB5: irBlockCreate (ir.c:459)
==67698==    by 0x12B1A4: BLOCK (shorthand.c:147)
==67698==    by 0x112AB3: translateExpressionValue (translation.c:3204)
==67698==    by 0x11206F: translateExpressionValue (translation.c:2975)
==67698==    by 0x1137F1: translateExpressionVoid (translation.c:3421)
==67698==    by 0x11589B: translateStmt (translation.c:4028)
==67698==    by 0x114251: translateStmt (translation.c:3473)
==67698==    by 0x1159B6: translateFile (translation.c:4065)
==67698==    by 0x115A99: translate (translation.c:4093)
==67698==    by 0x13D3EC: testTraceScheduling (traceSchedule.c:97)
==67698==    by 0x135521: main (main.c:59)
==67698== 
==67698== 1,920 (288 direct, 1,632 indirect) bytes in 12 blocks are definitely lost in loss record 588 of 592
==67698==    at 0x4842839: malloc (in /usr/libexec/valgrind/vgpreload_memcheck-amd64-linux.so)
==67698==    by 0x129CB5: irBlockCreate (ir.c:459)
==67698==    by 0x12B1A4: BLOCK (shorthand.c:147)
==67698==    by 0x112AB3: translateExpressionValue (translation.c:3204)
==67698==    by 0x11201B: translateExpressionValue (translation.c:2963)
==67698==    by 0x1137F1: translateExpressionVoid (translation.c:3421)
==67698==    by 0x11589B: translateStmt (translation.c:4028)
==67698==    by 0x114251: translateStmt (translation.c:3473)
==67698==    by 0x1159B6: translateFile (translation.c:4065)
==67698==    by 0x115A99: translate (translation.c:4093)
==67698==    by 0x13D3EC: testTraceScheduling (traceSchedule.c:97)
==67698==    by 0x135521: main (main.c:59)
==67698== 
==67698== 5,600 (840 direct, 4,760 indirect) bytes in 35 blocks are definitely lost in loss record 591 of 592
==67698==    at 0x4842839: malloc (in /usr/libexec/valgrind/vgpreload_memcheck-amd64-linux.so)
==67698==    by 0x129CB5: irBlockCreate (ir.c:459)
==67698==    by 0x12B1A4: BLOCK (shorthand.c:147)
==67698==    by 0x11B0FD: x86_64LinuxGenerateFunctionEntry (abi.c:241)
==67698==    by 0x11C15E: generateFunctionEntry (interface.c:54)
==67698==    by 0x115988: translateFile (translation.c:4062)
==67698==    by 0x115A99: translate (translation.c:4093)
==67698==    by 0x13D3EC: testTraceScheduling (traceSchedule.c:97)
==67698==    by 0x135521: main (main.c:59)
==67698== 
==67698== 8,640 (1,296 direct, 7,344 indirect) bytes in 54 blocks are definitely lost in loss record 592 of 592
==67698==    at 0x4842839: malloc (in /usr/libexec/valgrind/vgpreload_memcheck-amd64-linux.so)
==67698==    by 0x129CB5: irBlockCreate (ir.c:459)
==67698==    by 0x12B1A4: BLOCK (shorthand.c:147)
==67698==    by 0x112AB3: translateExpressionValue (translation.c:3204)
==67698==    by 0x1120C6: translateExpressionValue (translation.c:2978)
==67698==    by 0x1137F1: translateExpressionVoid (translation.c:3421)
==67698==    by 0x11589B: translateStmt (translation.c:4028)
==67698==    by 0x114251: translateStmt (translation.c:3473)
==67698==    by 0x1159B6: translateFile (translation.c:4065)
==67698==    by 0x115A99: translate (translation.c:4093)
==67698==    by 0x13D3EC: testTraceScheduling (traceSchedule.c:97)
==67698==    by 0x135521: main (main.c:59)
==67698== 
==67698== LEAK SUMMARY:
==67698==    definitely lost: 6,936 bytes in 289 blocks
==67698==    indirectly lost: 39,128 bytes in 1,726 blocks
==67698==      possibly lost: 0 bytes in 0 blocks
==67698==    still reachable: 0 bytes in 0 blocks
==67698==         suppressed: 0 bytes in 0 blocks
==67698== 
==67698== For lists of detected and suppressed errors, rerun with: -s
==67698== ERROR SUMMARY: 93 errors from 93 contexts (suppressed: 0 from 0)
