testFiles/translation/x86_64-linux/input/compoundAssignExprs.tc:
TEXT(GLOBAL(_T3foo3bar),
  BLOCK(0,
    LABEL(LOCAL(5)),
    LABEL(LOCAL(3)),
    UNINITIALIZED(TEMP(temp8, 4, 4, GP)),
    LABEL(LOCAL(7)),
    UNINITIALIZED(TEMP(temp9, 4, 4, GP)),
    LABEL(LOCAL(13)),
    ZX(TEMP(temp14, 4, 4, GP), CONSTANT(1, BYTE(10))),
    MOVE(TEMP(temp8, 4, 4, GP), TEMP(temp14, 4, 4, GP)),
    LABEL(LOCAL(16)),
    ZX(TEMP(temp17, 4, 4, GP), CONSTANT(1, BYTE(20))),
    MOVE(TEMP(temp9, 4, 4, GP), TEMP(temp17, 4, 4, GP)),
    LABEL(LOCAL(19)),
    MOVE(TEMP(temp21, 4, 4, GP), TEMP(temp9, 4, 4, GP)),
    LABEL(LOCAL(20)),
    MOVE(TEMP(temp22, 4, 4, GP), TEMP(temp8, 4, 4, GP)),
    SMUL(TEMP(temp23, 4, 4, GP), TEMP(temp22, 4, 4, GP), TEMP(temp21, 4, 4, GP)),
    MOVE(TEMP(temp8, 4, 4, GP), TEMP(temp23, 4, 4, GP)),
    LABEL(LOCAL(26)),
    MOVE(TEMP(temp27, 4, 4, GP), TEMP(temp9, 4, 4, GP)),
    ZX(TEMP(temp28, 4, 4, GP), CONSTANT(1, BYTE(3))),
    SDIV(TEMP(temp29, 4, 4, GP), TEMP(temp27, 4, 4, GP), TEMP(temp28, 4, 4, GP)),
    MOVE(TEMP(temp9, 4, 4, GP), TEMP(temp29, 4, 4, GP)),
    LABEL(LOCAL(32)),
    MOVE(TEMP(temp33, 4, 4, GP), TEMP(temp8, 4, 4, GP)),
    ZX(TEMP(temp34, 4, 4, GP), CONSTANT(1, BYTE(15))),
    SMOD(TEMP(temp35, 4, 4, GP), TEMP(temp33, 4, 4, GP), TEMP(temp34, 4, 4, GP)),
    MOVE(TEMP(temp8, 4, 4, GP), TEMP(temp35, 4, 4, GP)),
    LABEL(LOCAL(38)),
    MOVE(TEMP(temp39, 4, 4, GP), TEMP(temp9, 4, 4, GP)),
    ZX(TEMP(temp40, 4, 4, GP), CONSTANT(1, BYTE(2))),
    ADD(TEMP(temp41, 4, 4, GP), TEMP(temp39, 4, 4, GP), TEMP(temp40, 4, 4, GP)),
    MOVE(TEMP(temp9, 4, 4, GP), TEMP(temp41, 4, 4, GP)),
    LABEL(LOCAL(44)),
    MOVE(TEMP(temp45, 4, 4, GP), TEMP(temp8, 4, 4, GP)),
    ZX(TEMP(temp46, 4, 4, GP), CONSTANT(1, BYTE(2))),
    SUB(TEMP(temp47, 4, 4, GP), TEMP(temp45, 4, 4, GP), TEMP(temp46, 4, 4, GP)),
    MOVE(TEMP(temp8, 4, 4, GP), TEMP(temp47, 4, 4, GP)),
    LABEL(LOCAL(50)),
    MOVE(TEMP(temp51, 4, 4, GP), TEMP(temp9, 4, 4, GP)),
    SLL(TEMP(temp52, 4, 4, GP), TEMP(temp51, 4, 4, GP), CONSTANT(1, BYTE(1))),
    MOVE(TEMP(temp9, 4, 4, GP), TEMP(temp52, 4, 4, GP)),
    LABEL(LOCAL(55)),
    MOVE(TEMP(temp56, 4, 4, GP), TEMP(temp8, 4, 4, GP)),
    SAR(TEMP(temp57, 4, 4, GP), TEMP(temp56, 4, 4, GP), CONSTANT(1, BYTE(1))),
    MOVE(TEMP(temp8, 4, 4, GP), TEMP(temp57, 4, 4, GP)),
    LABEL(LOCAL(60)),
    MOVE(TEMP(temp61, 4, 4, GP), TEMP(temp9, 4, 4, GP)),
    SLR(TEMP(temp62, 4, 4, GP), TEMP(temp61, 4, 4, GP), CONSTANT(1, BYTE(2))),
    MOVE(TEMP(temp9, 4, 4, GP), TEMP(temp62, 4, 4, GP)),
    LABEL(LOCAL(65)),
    MOVE(TEMP(temp66, 4, 4, GP), TEMP(temp8, 4, 4, GP)),
    ZX(TEMP(temp67, 4, 4, GP), CONSTANT(1, BYTE(255))),
    AND(TEMP(temp68, 4, 4, GP), TEMP(temp66, 4, 4, GP), TEMP(temp67, 4, 4, GP)),
    MOVE(TEMP(temp8, 4, 4, GP), TEMP(temp68, 4, 4, GP)),
    LABEL(LOCAL(71)),
    MOVE(TEMP(temp72, 4, 4, GP), TEMP(temp9, 4, 4, GP)),
    ZX(TEMP(temp73, 4, 4, GP), CONSTANT(1, BYTE(15))),
    XOR(TEMP(temp74, 4, 4, GP), TEMP(temp72, 4, 4, GP), TEMP(temp73, 4, 4, GP)),
    MOVE(TEMP(temp9, 4, 4, GP), TEMP(temp74, 4, 4, GP)),
    LABEL(LOCAL(76)),
    MOVE(TEMP(temp78, 4, 4, GP), TEMP(temp9, 4, 4, GP)),
    LABEL(LOCAL(77)),
    MOVE(TEMP(temp79, 4, 4, GP), TEMP(temp8, 4, 4, GP)),
    OR(TEMP(temp80, 4, 4, GP), TEMP(temp79, 4, 4, GP), TEMP(temp78, 4, 4, GP)),
    MOVE(TEMP(temp8, 4, 4, GP), TEMP(temp80, 4, 4, GP)),
    LABEL(LOCAL(75)),
    MOVE(TEMP(temp85, 4, 4, GP), TEMP(temp8, 4, 4, GP)),
    LABEL(LOCAL(86)),
    ZX(TEMP(temp87, 4, 4, GP), CONSTANT(1, BYTE(2))),
    SMOD(TEMP(temp88, 4, 4, GP), TEMP(temp85, 4, 4, GP), TEMP(temp87, 4, 4, GP)),
    LABEL(LOCAL(89)),
    ZX(TEMP(temp90, 4, 4, GP), CONSTANT(1, BYTE(0))),
    E(TEMP(temp91, 1, 1, GP), TEMP(temp88, 4, 4, GP), TEMP(temp90, 4, 4, GP)),
    LABEL(LOCAL(82)),
    MOVE(TEMP(temp92, 1, 1, GP), TEMP(temp91, 1, 1, GP)),
    LABEL(LOCAL(94)),
    MOVE(TEMP(temp96, 1, 1, GP), TEMP(temp92, 1, 1, GP)),
    J1Z(LOCAL(93), TEMP(temp96, 1, 1, GP)),
    LABEL(LOCAL(95)),
    MOVE(TEMP(temp100, 4, 4, GP), TEMP(temp9, 4, 4, GP)),
    LABEL(LOCAL(101)),
    ZX(TEMP(temp102, 4, 4, GP), CONSTANT(1, BYTE(2))),
    SMOD(TEMP(temp103, 4, 4, GP), TEMP(temp100, 4, 4, GP), TEMP(temp102, 4, 4, GP)),
    LABEL(LOCAL(104)),
    ZX(TEMP(temp105, 4, 4, GP), CONSTANT(1, BYTE(0))),
    E(TEMP(temp106, 1, 1, GP), TEMP(temp103, 4, 4, GP), TEMP(temp105, 4, 4, GP)),
    LABEL(LOCAL(97)),
    MOVE(TEMP(temp92, 1, 1, GP), TEMP(temp106, 1, 1, GP)),
    LABEL(LOCAL(108)),
    MOVE(TEMP(temp110, 1, 1, GP), TEMP(temp92, 1, 1, GP)),
    J1NZ(LOCAL(107), TEMP(temp110, 1, 1, GP)),
    LABEL(LOCAL(109)),
    MOVE(TEMP(temp114, 4, 4, GP), TEMP(temp8, 4, 4, GP)),
    LABEL(LOCAL(115)),
    ZX(TEMP(temp116, 4, 4, GP), CONSTANT(1, BYTE(3))),
    SMOD(TEMP(temp117, 4, 4, GP), TEMP(temp114, 4, 4, GP), TEMP(temp116, 4, 4, GP)),
    LABEL(LOCAL(118)),
    ZX(TEMP(temp119, 4, 4, GP), CONSTANT(1, BYTE(0))),
    E(TEMP(temp120, 1, 1, GP), TEMP(temp117, 4, 4, GP), TEMP(temp119, 4, 4, GP)),
    LABEL(LOCAL(111)),
    MOVE(TEMP(temp92, 1, 1, GP), TEMP(temp120, 1, 1, GP)),
    LABEL(LOCAL(107)),
    MOVE(TEMP(temp122, 4, 4, GP), TEMP(temp8, 4, 4, GP)),
    LABEL(LOCAL(121)),
    MOVE(TEMP(temp2, 4, 4, GP), TEMP(temp122, 4, 4, GP)),
    LABEL(LOCAL(4)),
    MOVE(REG(rax, 4), TEMP(temp2, 4, 4, GP)),
    RETURN(),
    LABEL(LOCAL(93)),
  ),
)
testFiles/translation/x86_64-linux/input/compoundAssignExprs.tc: internal compiler error: IR validation after trace scheduling failed - LABEL instruction encountered at the end of a basic block instead of a jump
testFiles/translation/x86_64-linux/input/compoundAssignExprs.tc: internal compiler error: IR validation after trace scheduling failed - non-terminal return encountered in scheduled IR
